
                            < M A T L A B (R) >
                  Copyright 1984-2020 The MathWorks, Inc.
                  R2020a (9.8.0.1323502) 64-bit (glnxa64)
                             February 25, 2020

 
To get started, type doc.
For product information, visit www.mathworks.com.
 
Creating problem... Done!


Size of the time matrices: 2 x 2
Size of the space matrices: 4 x 4
Starting Galerkin
Refinement: 1, Time to solve: 0.057871
Testing the galerkin solution
Plotting preparation: 25%
Plotting preparation: 50%
Plotting preparation: 75%
Plotting preparation: 100%

t =

  8x5 table

    refinements    iterGalerkin    timeGalerkin    errorGalerkin    solvingErrorGalerkin
    ___________    ____________    ____________    _____________    ____________________

    1.0000e+00      1.0000e+00      5.7871e-02      2.8743e-01           1.1152e-15     
    2.0000e+00      0.0000e+00      0.0000e+00      0.0000e+00           0.0000e+00     
    3.0000e+00      0.0000e+00      0.0000e+00      0.0000e+00           0.0000e+00     
    4.0000e+00      0.0000e+00      0.0000e+00      0.0000e+00           0.0000e+00     
    5.0000e+00      0.0000e+00      0.0000e+00      0.0000e+00           0.0000e+00     
    6.0000e+00      0.0000e+00      0.0000e+00      0.0000e+00           0.0000e+00     
    7.0000e+00      0.0000e+00      0.0000e+00      0.0000e+00           0.0000e+00     
    8.0000e+00      0.0000e+00      0.0000e+00      0.0000e+00           0.0000e+00     

Creating problem... Done!


Size of the time matrices: 4 x 4
Size of the space matrices: 16 x 16
Starting Galerkin
Refinement: 2, Time to solve: 0.049443
Testing the galerkin solution
Plotting preparation: 50%
Plotting preparation: 100%

t =

  8x5 table

    refinements    iterGalerkin    timeGalerkin    errorGalerkin    solvingErrorGalerkin
    ___________    ____________    ____________    _____________    ____________________

    1.0000e+00      1.0000e+00      5.7871e-02      2.8743e-01           1.1152e-15     
    2.0000e+00      2.0000e+00      4.9443e-02      2.2728e-01           1.4772e-15     
    3.0000e+00      0.0000e+00      0.0000e+00      0.0000e+00           0.0000e+00     
    4.0000e+00      0.0000e+00      0.0000e+00      0.0000e+00           0.0000e+00     
    5.0000e+00      0.0000e+00      0.0000e+00      0.0000e+00           0.0000e+00     
    6.0000e+00      0.0000e+00      0.0000e+00      0.0000e+00           0.0000e+00     
    7.0000e+00      0.0000e+00      0.0000e+00      0.0000e+00           0.0000e+00     
    8.0000e+00      0.0000e+00      0.0000e+00      0.0000e+00           0.0000e+00     

Creating problem... Done!


Size of the time matrices: 8 x 8
Size of the space matrices: 64 x 64
Starting Galerkin
Refinement: 3, Time to solve: 0.071303
Testing the galerkin solution
Plotting preparation: 50%
Plotting preparation: 100%

t =

  8x5 table

    refinements    iterGalerkin    timeGalerkin    errorGalerkin    solvingErrorGalerkin
    ___________    ____________    ____________    _____________    ____________________

    1.0000e+00      1.0000e+00      5.7871e-02      2.8743e-01           1.1152e-15     
    2.0000e+00      2.0000e+00      4.9443e-02      2.2728e-01           1.4772e-15     
    3.0000e+00      5.0000e+00      7.1303e-02      1.9526e-01           3.8775e-11     
    4.0000e+00      0.0000e+00      0.0000e+00      0.0000e+00           0.0000e+00     
    5.0000e+00      0.0000e+00      0.0000e+00      0.0000e+00           0.0000e+00     
    6.0000e+00      0.0000e+00      0.0000e+00      0.0000e+00           0.0000e+00     
    7.0000e+00      0.0000e+00      0.0000e+00      0.0000e+00           0.0000e+00     
    8.0000e+00      0.0000e+00      0.0000e+00      0.0000e+00           0.0000e+00     

Creating problem... Done!


Size of the time matrices: 16 x 16
Size of the space matrices: 256 x 256
Starting Galerkin
Refinement: 4, Time to solve: 0.239670
Testing the galerkin solution
Plotting preparation: 50%
Plotting preparation: 100%

t =

  8x5 table

    refinements    iterGalerkin    timeGalerkin    errorGalerkin    solvingErrorGalerkin
    ___________    ____________    ____________    _____________    ____________________

    1.0000e+00      1.0000e+00      5.7871e-02      2.8743e-01           1.1152e-15     
    2.0000e+00      2.0000e+00      4.9443e-02      2.2728e-01           1.4772e-15     
    3.0000e+00      5.0000e+00      7.1303e-02      1.9526e-01           3.8775e-11     
    4.0000e+00      1.9000e+01      2.3967e-01      1.6649e-01           4.0295e-06     
    5.0000e+00      0.0000e+00      0.0000e+00      0.0000e+00           0.0000e+00     
    6.0000e+00      0.0000e+00      0.0000e+00      0.0000e+00           0.0000e+00     
    7.0000e+00      0.0000e+00      0.0000e+00      0.0000e+00           0.0000e+00     
    8.0000e+00      0.0000e+00      0.0000e+00      0.0000e+00           0.0000e+00     

Creating problem... Done!


Size of the time matrices: 32 x 32
Size of the space matrices: 1024 x 1024
Starting Galerkin
Refinement: 5, Time to solve: 5.152402
Testing the galerkin solution
Plotting preparation: 50%
Plotting preparation: 100%

t =

  8x5 table

    refinements    iterGalerkin    timeGalerkin    errorGalerkin    solvingErrorGalerkin
    ___________    ____________    ____________    _____________    ____________________

    1.0000e+00      1.0000e+00      5.7871e-02      2.8743e-01           1.1152e-15     
    2.0000e+00      2.0000e+00      4.9443e-02      2.2728e-01           1.4772e-15     
    3.0000e+00      5.0000e+00      7.1303e-02      1.9526e-01           3.8775e-11     
    4.0000e+00      1.9000e+01      2.3967e-01      1.6649e-01           4.0295e-06     
    5.0000e+00      3.7000e+01      5.1524e+00      1.4005e-01           1.6350e-04     
    6.0000e+00      0.0000e+00      0.0000e+00      0.0000e+00           0.0000e+00     
    7.0000e+00      0.0000e+00      0.0000e+00      0.0000e+00           0.0000e+00     
    8.0000e+00      0.0000e+00      0.0000e+00      0.0000e+00           0.0000e+00     

Creating problem... Done!


Size of the time matrices: 64 x 64
Size of the space matrices: 4096 x 4096
Starting Galerkin
Refinement: 6, Time to solve: 43.283775
Testing the galerkin solution
Plotting preparation: 50%
Plotting preparation: 100%

t =

  8x5 table

    refinements    iterGalerkin    timeGalerkin    errorGalerkin    solvingErrorGalerkin
    ___________    ____________    ____________    _____________    ____________________

    1.0000e+00      1.0000e+00      5.7871e-02      2.8743e-01           1.1152e-15     
    2.0000e+00      2.0000e+00      4.9443e-02      2.2728e-01           1.4772e-15     
    3.0000e+00      5.0000e+00      7.1303e-02      1.9526e-01           3.8775e-11     
    4.0000e+00      1.9000e+01      2.3967e-01      1.6649e-01           4.0295e-06     
    5.0000e+00      3.7000e+01      5.1524e+00      1.4005e-01           1.6350e-04     
    6.0000e+00      4.6000e+01      4.3284e+01      1.1721e-01           3.6897e-03     
    7.0000e+00      0.0000e+00      0.0000e+00      0.0000e+00           0.0000e+00     
    8.0000e+00      0.0000e+00      0.0000e+00      0.0000e+00           0.0000e+00     

Creating problem... Done!


Size of the time matrices: 128 x 128
Size of the space matrices: 16384 x 16384
Starting Galerkin
Refinement: 7, Time to solve: 6441.996242
Testing the galerkin solution
Plotting preparation: 50%
Plotting preparation: 100%

t =

  8x5 table

    refinements    iterGalerkin    timeGalerkin    errorGalerkin    solvingErrorGalerkin
    ___________    ____________    ____________    _____________    ____________________

    1.0000e+00      1.0000e+00      5.7871e-02      2.8743e-01           1.1152e-15     
    2.0000e+00      2.0000e+00      4.9443e-02      2.2728e-01           1.4772e-15     
    3.0000e+00      5.0000e+00      7.1303e-02      1.9526e-01           3.8775e-11     
    4.0000e+00      1.9000e+01      2.3967e-01      1.6649e-01           4.0295e-06     
    5.0000e+00      3.7000e+01      5.1524e+00      1.4005e-01           1.6350e-04     
    6.0000e+00      4.6000e+01      4.3284e+01      1.1721e-01           3.6897e-03     
    7.0000e+00      1.0500e+02      6.4420e+03      9.8153e-02           9.8871e-03     
    8.0000e+00      0.0000e+00      0.0000e+00      0.0000e+00           0.0000e+00     

Creating problem... Done!


Size of the time matrices: 256 x 256
Size of the space matrices: 65536 x 65536
Starting Galerkin
