
                            < M A T L A B (R) >
                  Copyright 1984-2020 The MathWorks, Inc.
                  R2020a (9.8.0.1323502) 64-bit (glnxa64)
                             February 25, 2020

 
To get started, type doc.
For product information, visit www.mathworks.com.
 
Creating problem... Done!


Size of the time matrices: 2 x 2
Size of the space matrices: 4 x 4
Starting Galerkin
Refinement: 1, Time to solve: 0.156926
Testing the galerkin solution
Plotting preparation: 25%
Plotting preparation: 50%
Plotting preparation: 75%
Plotting preparation: 100%

t =

  8x5 table

    refinements    iterGalerkin    timeGalerkin    errorGalerkin    solvingErrorGalerkin
    ___________    ____________    ____________    _____________    ____________________

    1.0000e+00      1.0000e+00      1.5693e-01      3.3932e-02           4.2674e-16     
    2.0000e+00      0.0000e+00      0.0000e+00      0.0000e+00           0.0000e+00     
    3.0000e+00      0.0000e+00      0.0000e+00      0.0000e+00           0.0000e+00     
    4.0000e+00      0.0000e+00      0.0000e+00      0.0000e+00           0.0000e+00     
    5.0000e+00      0.0000e+00      0.0000e+00      0.0000e+00           0.0000e+00     
    6.0000e+00      0.0000e+00      0.0000e+00      0.0000e+00           0.0000e+00     
    7.0000e+00      0.0000e+00      0.0000e+00      0.0000e+00           0.0000e+00     
    8.0000e+00      0.0000e+00      0.0000e+00      0.0000e+00           0.0000e+00     

Creating problem... Done!


Size of the time matrices: 4 x 4
Size of the space matrices: 16 x 16
Starting Galerkin
Refinement: 2, Time to solve: 0.037390
Testing the galerkin solution
Plotting preparation: 50%
Plotting preparation: 100%

t =

  8x5 table

    refinements    iterGalerkin    timeGalerkin    errorGalerkin    solvingErrorGalerkin
    ___________    ____________    ____________    _____________    ____________________

    1.0000e+00      1.0000e+00      1.5693e-01      3.3932e-02           4.2674e-16     
    2.0000e+00      2.0000e+00      3.7390e-02      2.6822e-02           1.2305e-15     
    3.0000e+00      0.0000e+00      0.0000e+00      0.0000e+00           0.0000e+00     
    4.0000e+00      0.0000e+00      0.0000e+00      0.0000e+00           0.0000e+00     
    5.0000e+00      0.0000e+00      0.0000e+00      0.0000e+00           0.0000e+00     
    6.0000e+00      0.0000e+00      0.0000e+00      0.0000e+00           0.0000e+00     
    7.0000e+00      0.0000e+00      0.0000e+00      0.0000e+00           0.0000e+00     
    8.0000e+00      0.0000e+00      0.0000e+00      0.0000e+00           0.0000e+00     

Creating problem... Done!


Size of the time matrices: 8 x 8
Size of the space matrices: 64 x 64
Starting Galerkin
Refinement: 3, Time to solve: 0.175690
Testing the galerkin solution
Plotting preparation: 50%
Plotting preparation: 100%

t =

  8x5 table

    refinements    iterGalerkin    timeGalerkin    errorGalerkin    solvingErrorGalerkin
    ___________    ____________    ____________    _____________    ____________________

    1.0000e+00      1.0000e+00      1.5693e-01      3.3932e-02           4.2674e-16     
    2.0000e+00      2.0000e+00      3.7390e-02      2.6822e-02           1.2305e-15     
    3.0000e+00      5.0000e+00      1.7569e-01      1.6969e-02           1.3680e-11     
    4.0000e+00      0.0000e+00      0.0000e+00      0.0000e+00           0.0000e+00     
    5.0000e+00      0.0000e+00      0.0000e+00      0.0000e+00           0.0000e+00     
    6.0000e+00      0.0000e+00      0.0000e+00      0.0000e+00           0.0000e+00     
    7.0000e+00      0.0000e+00      0.0000e+00      0.0000e+00           0.0000e+00     
    8.0000e+00      0.0000e+00      0.0000e+00      0.0000e+00           0.0000e+00     

Creating problem... Done!


Size of the time matrices: 16 x 16
Size of the space matrices: 256 x 256
Starting Galerkin
Refinement: 4, Time to solve: 0.139237
Testing the galerkin solution
Plotting preparation: 50%
Plotting preparation: 100%

t =

  8x5 table

    refinements    iterGalerkin    timeGalerkin    errorGalerkin    solvingErrorGalerkin
    ___________    ____________    ____________    _____________    ____________________

    1.0000e+00      1.0000e+00      1.5693e-01      3.3932e-02           4.2674e-16     
    2.0000e+00      2.0000e+00      3.7390e-02      2.6822e-02           1.2305e-15     
    3.0000e+00      5.0000e+00      1.7569e-01      1.6969e-02           1.3680e-11     
    4.0000e+00      1.3000e+01      1.3924e-01      1.0058e-02           3.9505e-06     
    5.0000e+00      0.0000e+00      0.0000e+00      0.0000e+00           0.0000e+00     
    6.0000e+00      0.0000e+00      0.0000e+00      0.0000e+00           0.0000e+00     
    7.0000e+00      0.0000e+00      0.0000e+00      0.0000e+00           0.0000e+00     
    8.0000e+00      0.0000e+00      0.0000e+00      0.0000e+00           0.0000e+00     

Creating problem... Done!


Size of the time matrices: 32 x 32
Size of the space matrices: 1024 x 1024
Starting Galerkin
Refinement: 5, Time to solve: 0.310235
Testing the galerkin solution
Plotting preparation: 50%
Plotting preparation: 100%

t =

  8x5 table

    refinements    iterGalerkin    timeGalerkin    errorGalerkin    solvingErrorGalerkin
    ___________    ____________    ____________    _____________    ____________________

    1.0000e+00      1.0000e+00      1.5693e-01      3.3932e-02           4.2674e-16     
    2.0000e+00      2.0000e+00      3.7390e-02      2.6822e-02           1.2305e-15     
    3.0000e+00      5.0000e+00      1.7569e-01      1.6969e-02           1.3680e-11     
    4.0000e+00      1.3000e+01      1.3924e-01      1.0058e-02           3.9505e-06     
    5.0000e+00      1.3000e+01      3.1023e-01      5.8408e-03           1.3852e-04     
    6.0000e+00      0.0000e+00      0.0000e+00      0.0000e+00           0.0000e+00     
    7.0000e+00      0.0000e+00      0.0000e+00      0.0000e+00           0.0000e+00     
    8.0000e+00      0.0000e+00      0.0000e+00      0.0000e+00           0.0000e+00     

Creating problem... Done!


Size of the time matrices: 64 x 64
Size of the space matrices: 4096 x 4096
Starting Galerkin
Refinement: 6, Time to solve: 0.668803
Testing the galerkin solution
Plotting preparation: 50%
Plotting preparation: 100%

t =

  8x5 table

    refinements    iterGalerkin    timeGalerkin    errorGalerkin    solvingErrorGalerkin
    ___________    ____________    ____________    _____________    ____________________

    1.0000e+00      1.0000e+00      1.5693e-01      3.3932e-02           4.2674e-16     
    2.0000e+00      2.0000e+00      3.7390e-02      2.6822e-02           1.2305e-15     
    3.0000e+00      5.0000e+00      1.7569e-01      1.6969e-02           1.3680e-11     
    4.0000e+00      1.3000e+01      1.3924e-01      1.0058e-02           3.9505e-06     
    5.0000e+00      1.3000e+01      3.1023e-01      5.8408e-03           1.3852e-04     
    6.0000e+00      1.1000e+01      6.6880e-01      3.3813e-03           3.8701e-03     
    7.0000e+00      0.0000e+00      0.0000e+00      0.0000e+00           0.0000e+00     
    8.0000e+00      0.0000e+00      0.0000e+00      0.0000e+00           0.0000e+00     

Creating problem... Done!


Size of the time matrices: 128 x 128
Size of the space matrices: 16384 x 16384
Starting Galerkin
Refinement: 7, Time to solve: 7.544694
Testing the galerkin solution
Plotting preparation: 50%
Plotting preparation: 100%

t =

  8x5 table

    refinements    iterGalerkin    timeGalerkin    errorGalerkin    solvingErrorGalerkin
    ___________    ____________    ____________    _____________    ____________________

    1.0000e+00      1.0000e+00      1.5693e-01      3.3932e-02           4.2674e-16     
    2.0000e+00      2.0000e+00      3.7390e-02      2.6822e-02           1.2305e-15     
    3.0000e+00      5.0000e+00      1.7569e-01      1.6969e-02           1.3680e-11     
    4.0000e+00      1.3000e+01      1.3924e-01      1.0058e-02           3.9505e-06     
    5.0000e+00      1.3000e+01      3.1023e-01      5.8408e-03           1.3852e-04     
    6.0000e+00      1.1000e+01      6.6880e-01      3.3813e-03           3.8701e-03     
    7.0000e+00      1.2000e+01      7.5447e+00      2.0213e-03           6.2489e-03     
    8.0000e+00      0.0000e+00      0.0000e+00      0.0000e+00           0.0000e+00     

Creating problem... Done!


Size of the time matrices: 256 x 256
Size of the space matrices: 65536 x 65536
Starting Galerkin
Refinement: 8, Time to solve: 68.112138
Testing the galerkin solution
Plotting preparation: 50%
Plotting preparation: 100%

t =

  8x5 table

    refinements    iterGalerkin    timeGalerkin    errorGalerkin    solvingErrorGalerkin
    ___________    ____________    ____________    _____________    ____________________

    1.0000e+00      1.0000e+00      1.5693e-01      3.3932e-02           4.2674e-16     
    2.0000e+00      2.0000e+00      3.7390e-02      2.6822e-02           1.2305e-15     
    3.0000e+00      5.0000e+00      1.7569e-01      1.6969e-02           1.3680e-11     
    4.0000e+00      1.3000e+01      1.3924e-01      1.0058e-02           3.9505e-06     
    5.0000e+00      1.3000e+01      3.1023e-01      5.8408e-03           1.3852e-04     
    6.0000e+00      1.1000e+01      6.6880e-01      3.3813e-03           3.8701e-03     
    7.0000e+00      1.2000e+01      7.5447e+00      2.0213e-03           6.2489e-03     
    8.0000e+00      1.8000e+01      6.8112e+01      1.3533e-03           5.7281e-03     

