
                            < M A T L A B (R) >
                  Copyright 1984-2020 The MathWorks, Inc.
                  R2020a (9.8.0.1323502) 64-bit (glnxa64)
                             February 25, 2020

 
To get started, type doc.
For product information, visit www.mathworks.com.
 
Creating problem... Done!


Size of the time matrices: 2 x 2
Size of the space matrices: 4 x 4
Starting CG lyaponov
pcg (lyap)

Dim space: 4 time: 2 .  CG its 23  backward error 3.501048e-11
Refinement: 1, Time to solve: 0.914669
Testing the cg_lyap solution
Plotting preparation: 25%
Plotting preparation: 50%
Plotting preparation: 75%
Plotting preparation: 100%

t =

  8x5 table

    refinements    iterCGlyap    timeCGlyap    errorCGlyap    solvingErrorCGlyap
    ___________    __________    __________    ___________    __________________

         1             23         0.91467       0.033932          6.1315e-10    
         2              0               0              0                   0    
         3              0               0              0                   0    
         4              0               0              0                   0    
         5              0               0              0                   0    
         6              0               0              0                   0    
         7              0               0              0                   0    
         8              0               0              0                   0    

Creating problem... Done!


Size of the time matrices: 4 x 4
Size of the space matrices: 16 x 16
Starting CG lyaponov
pcg (lyap)

Dim space: 16 time: 4 .  CG its 68  backward error 9.346301e-11
Refinement: 2, Time to solve: 2.695750
Testing the cg_lyap solution
Plotting preparation: 50%
Plotting preparation: 100%

t =

  8x5 table

    refinements    iterCGlyap    timeCGlyap    errorCGlyap    solvingErrorCGlyap
    ___________    __________    __________    ___________    __________________

         1             23         0.91467       0.033932          6.1315e-10    
         2             68          2.6957       0.026822          1.0435e-08    
         3              0               0              0                   0    
         4              0               0              0                   0    
         5              0               0              0                   0    
         6              0               0              0                   0    
         7              0               0              0                   0    
         8              0               0              0                   0    

Creating problem... Done!


Size of the time matrices: 8 x 8
Size of the space matrices: 64 x 64
Starting CG lyaponov
pcg (lyap)

Dim space: 64 time: 8 .  CG its 59  backward error 9.963621e-11
Refinement: 3, Time to solve: 2.839220
Testing the cg_lyap solution
Plotting preparation: 50%
Plotting preparation: 100%

t =

  8x5 table

    refinements    iterCGlyap    timeCGlyap    errorCGlyap    solvingErrorCGlyap
    ___________    __________    __________    ___________    __________________

         1             23         0.91467       0.033932          6.1315e-10    
         2             68          2.6957       0.026822          1.0435e-08    
         3             59          2.8392       0.016969          1.6343e-07    
         4              0               0              0                   0    
         5              0               0              0                   0    
         6              0               0              0                   0    
         7              0               0              0                   0    
         8              0               0              0                   0    

Creating problem... Done!


Size of the time matrices: 16 x 16
Size of the space matrices: 256 x 256
Starting CG lyaponov
pcg (lyap)

Dim space: 256 time: 16 .  CG its 1000  backward error 1.085275e-08
Refinement: 4, Time to solve: 67.531634
Testing the cg_lyap solution
Plotting preparation: 50%
Plotting preparation: 100%

t =

  8x5 table

    refinements    iterCGlyap    timeCGlyap    errorCGlyap    solvingErrorCGlyap
    ___________    __________    __________    ___________    __________________

         1              23        0.91467       0.033932          6.1315e-10    
         2              68         2.6957       0.026822          1.0435e-08    
         3              59         2.8392       0.016969          1.6343e-07    
         4            1000         67.532       0.010058          0.00028496    
         5               0              0              0                   0    
         6               0              0              0                   0    
         7               0              0              0                   0    
         8               0              0              0                   0    

Creating problem... Done!


Size of the time matrices: 32 x 32
Size of the space matrices: 1024 x 1024
Starting CG lyaponov
pcg (lyap)

Dim space: 1024 time: 32 .  CG its 1000  backward error 1.617203e-08
Refinement: 5, Time to solve: 191.359030
Testing the cg_lyap solution
Plotting preparation: 50%
Plotting preparation: 100%

t =

  8x5 table

    refinements    iterCGlyap    timeCGlyap    errorCGlyap    solvingErrorCGlyap
    ___________    __________    __________    ___________    __________________

         1              23        0.91467       0.033932          6.1315e-10    
         2              68         2.6957       0.026822          1.0435e-08    
         3              59         2.8392       0.016969          1.6343e-07    
         4            1000         67.532       0.010058          0.00028496    
         5            1000         191.36       0.005843            0.006805    
         6               0              0              0                   0    
         7               0              0              0                   0    
         8               0              0              0                   0    

Creating problem... Done!


Size of the time matrices: 64 x 64
Size of the space matrices: 4096 x 4096
Starting CG lyaponov
pcg (lyap)

Dim space: 4096 time: 64 .  CG its 1000  backward error 3.128937e-09
Refinement: 6, Time to solve: 1087.302905
Testing the cg_lyap solution
Plotting preparation: 50%
Plotting preparation: 100%

t =

  8x5 table

    refinements    iterCGlyap    timeCGlyap    errorCGlyap    solvingErrorCGlyap
    ___________    __________    __________    ___________    __________________

         1              23        0.91467        0.033932         6.1315e-10    
         2              68         2.6957        0.026822         1.0435e-08    
         3              59         2.8392        0.016969         1.6343e-07    
         4            1000         67.532        0.010058         0.00028496    
         5            1000         191.36        0.005843           0.006805    
         6            1000         1087.3       0.0037667           0.021515    
         7               0              0               0                  0    
         8               0              0               0                  0    

Creating problem... Done!


Size of the time matrices: 128 x 128
Size of the space matrices: 16384 x 16384
Starting CG lyaponov
pcg (lyap)

Dim space: 16384 time: 128 .  CG its 1000  backward error 4.997810e-10
Refinement: 7, Time to solve: 10127.588837
Testing the cg_lyap solution
Plotting preparation: 50%
Plotting preparation: 100%

t =

  8x5 table

    refinements    iterCGlyap    timeCGlyap    errorCGlyap    solvingErrorCGlyap
    ___________    __________    __________    ___________    __________________

         1              23        0.91467        0.033932         6.1315e-10    
         2              68         2.6957        0.026822         1.0435e-08    
         3              59         2.8392        0.016969         1.6343e-07    
         4            1000         67.532        0.010058         0.00028496    
         5            1000         191.36        0.005843           0.006805    
         6            1000         1087.3       0.0037667           0.021515    
         7            1000          10128       0.0033779           0.053003    
         8               0              0               0                  0    

Creating problem... Done!


Size of the time matrices: 256 x 256
Size of the space matrices: 65536 x 65536
Starting CG lyaponov
