
                            < M A T L A B (R) >
                  Copyright 1984-2020 The MathWorks, Inc.
                  R2020a (9.8.0.1323502) 64-bit (glnxa64)
                             February 25, 2020

 
To get started, type doc.
For product information, visit www.mathworks.com.
 
Creating problem... Done!


Size of the time matrices: 2 x 2
Size of the space matrices: 4 x 4
Starting CG lyaponov
pcg (lyap)

Dim space: 4 time: 2 .  CG its 2  backward error 2.973379e-17
Refinement: 1, Time to solve: 0.511087
Testing the cg_lyap solution
Plotting preparation: 25%
Plotting preparation: 50%
Plotting preparation: 75%
Plotting preparation: 100%

t =

  8x5 table

    refinements    iterCGlyap    timeCGlyap    errorCGlyap    solvingErrorCGlyap
    ___________    __________    __________    ___________    __________________

         1             2          0.51109       0.033932          5.7643e-16    
         2             0                0              0                   0    
         3             0                0              0                   0    
         4             0                0              0                   0    
         5             0                0              0                   0    
         6             0                0              0                   0    
         7             0                0              0                   0    
         8             0                0              0                   0    

Creating problem... Done!


Size of the time matrices: 4 x 4
Size of the space matrices: 16 x 16
Starting CG lyaponov
pcg (lyap)

Dim space: 16 time: 4 .  CG its 12  backward error 1.287340e-14
Refinement: 2, Time to solve: 0.012328
Testing the cg_lyap solution
Plotting preparation: 50%
Plotting preparation: 100%

t =

  8x5 table

    refinements    iterCGlyap    timeCGlyap    errorCGlyap    solvingErrorCGlyap
    ___________    __________    __________    ___________    __________________

         1              2          0.51109      0.033932          5.7643e-16    
         2             12         0.012328      0.026822          1.4373e-12    
         3              0                0             0                   0    
         4              0                0             0                   0    
         5              0                0             0                   0    
         6              0                0             0                   0    
         7              0                0             0                   0    
         8              0                0             0                   0    

Creating problem... Done!


Size of the time matrices: 8 x 8
Size of the space matrices: 64 x 64
Starting CG lyaponov
pcg (lyap)

Dim space: 64 time: 8 .  CG its 24  backward error 3.413115e-11
Refinement: 3, Time to solve: 0.082269
Testing the cg_lyap solution
Plotting preparation: 50%
Plotting preparation: 100%

t =

  8x5 table

    refinements    iterCGlyap    timeCGlyap    errorCGlyap    solvingErrorCGlyap
    ___________    __________    __________    ___________    __________________

         1              2          0.51109      0.033932          5.7643e-16    
         2             12         0.012328      0.026822          1.4373e-12    
         3             24         0.082269      0.016969          5.5983e-08    
         4              0                0             0                   0    
         5              0                0             0                   0    
         6              0                0             0                   0    
         7              0                0             0                   0    
         8              0                0             0                   0    

Creating problem... Done!


Size of the time matrices: 16 x 16
Size of the space matrices: 256 x 256
Starting CG lyaponov
pcg (lyap)

Dim space: 256 time: 16 .  CG its 29  backward error 8.635081e-11
Refinement: 4, Time to solve: 0.116760
Testing the cg_lyap solution
Plotting preparation: 50%
Plotting preparation: 100%

t =

  8x5 table

    refinements    iterCGlyap    timeCGlyap    errorCGlyap    solvingErrorCGlyap
    ___________    __________    __________    ___________    __________________

         1              2          0.51109      0.033932          5.7643e-16    
         2             12         0.012328      0.026822          1.4373e-12    
         3             24         0.082269      0.016969          5.5983e-08    
         4             29          0.11676      0.010058          2.2674e-06    
         5              0                0             0                   0    
         6              0                0             0                   0    
         7              0                0             0                   0    
         8              0                0             0                   0    

Creating problem... Done!


Size of the time matrices: 32 x 32
Size of the space matrices: 1024 x 1024
Starting CG lyaponov
pcg (lyap)

Dim space: 1024 time: 32 .  CG its 27  backward error 8.056729e-11
Refinement: 5, Time to solve: 1.186370
Testing the cg_lyap solution
Plotting preparation: 50%
Plotting preparation: 100%

t =

  8x5 table

    refinements    iterCGlyap    timeCGlyap    errorCGlyap    solvingErrorCGlyap
    ___________    __________    __________    ___________    __________________

         1              2          0.51109       0.033932         5.7643e-16    
         2             12         0.012328       0.026822         1.4373e-12    
         3             24         0.082269       0.016969         5.5983e-08    
         4             29          0.11676       0.010058         2.2674e-06    
         5             27           1.1864      0.0058408         3.3981e-05    
         6              0                0              0                  0    
         7              0                0              0                  0    
         8              0                0              0                  0    

Creating problem... Done!


Size of the time matrices: 64 x 64
Size of the space matrices: 4096 x 4096
Starting CG lyaponov
pcg (lyap)

Dim space: 4096 time: 64 .  CG its 23  backward error 8.611489e-11
Refinement: 6, Time to solve: 43.449227
Testing the cg_lyap solution
Plotting preparation: 50%
Plotting preparation: 100%

t =

  8x5 table

    refinements    iterCGlyap    timeCGlyap    errorCGlyap    solvingErrorCGlyap
    ___________    __________    __________    ___________    __________________

         1              2          0.51109       0.033932         5.7643e-16    
         2             12         0.012328       0.026822         1.4373e-12    
         3             24         0.082269       0.016969         5.5983e-08    
         4             29          0.11676       0.010058         2.2674e-06    
         5             27           1.1864      0.0058408         3.3981e-05    
         6             23           43.449      0.0033767         0.00058245    
         7              0                0              0                  0    
         8              0                0              0                  0    

Creating problem... Done!


Size of the time matrices: 128 x 128
Size of the space matrices: 16384 x 16384
Starting CG lyaponov
pcg (lyap)

Dim space: 16384 time: 128 .  CG its 17  backward error 5.187897e-11
Refinement: 7, Time to solve: 1676.741958
Testing the cg_lyap solution
Plotting preparation: 50%
Plotting preparation: 100%

t =

  8x5 table

    refinements    iterCGlyap    timeCGlyap    errorCGlyap    solvingErrorCGlyap
    ___________    __________    __________    ___________    __________________

         1              2          0.51109       0.033932         5.7643e-16    
         2             12         0.012328       0.026822         1.4373e-12    
         3             24         0.082269       0.016969         5.5983e-08    
         4             29          0.11676       0.010058         2.2674e-06    
         5             27           1.1864      0.0058408         3.3981e-05    
         6             23           43.449      0.0033767         0.00058245    
         7             17           1676.7      0.0020622          0.0056206    
         8              0                0              0                  0    

Creating problem... Done!


Size of the time matrices: 256 x 256
Size of the space matrices: 65536 x 65536
Starting CG lyaponov
