
                            < M A T L A B (R) >
                  Copyright 1984-2020 The MathWorks, Inc.
                  R2020a (9.8.0.1323502) 64-bit (glnxa64)
                             February 25, 2020

 
To get started, type doc.
For product information, visit www.mathworks.com.
 
Creating problem... Done!


Size of the time matrices: 2 x 2
Size of the space matrices: 4 x 4
Starting CG lyaponov
pcg (lyap)

Dim space: 4 time: 2 .  CG its 2  backward error 3.933411e-17
Refinement: 1, Time to solve: 0.511036
Testing the cg_lyap solution
Plotting preparation: 25%
Plotting preparation: 50%
Plotting preparation: 75%
Plotting preparation: 100%

t =

  8x5 table

    refinements    iterCGlyap    timeCGlyap    errorCGlyap    solvingErrorCGlyap
    ___________    __________    __________    ___________    __________________

         1             2          0.51104        0.28743          6.1501e-16    
         2             0                0              0                   0    
         3             0                0              0                   0    
         4             0                0              0                   0    
         5             0                0              0                   0    
         6             0                0              0                   0    
         7             0                0              0                   0    
         8             0                0              0                   0    

Creating problem... Done!


Size of the time matrices: 4 x 4
Size of the space matrices: 16 x 16
Starting CG lyaponov
pcg (lyap)

Dim space: 16 time: 4 .  CG its 12  backward error 1.887708e-14
Refinement: 2, Time to solve: 0.012284
Testing the cg_lyap solution
Plotting preparation: 50%
Plotting preparation: 100%

t =

  8x5 table

    refinements    iterCGlyap    timeCGlyap    errorCGlyap    solvingErrorCGlyap
    ___________    __________    __________    ___________    __________________

         1              2          0.51104       0.28743          6.1501e-16    
         2             12         0.012284       0.22728          2.0726e-12    
         3              0                0             0                   0    
         4              0                0             0                   0    
         5              0                0             0                   0    
         6              0                0             0                   0    
         7              0                0             0                   0    
         8              0                0             0                   0    

Creating problem... Done!


Size of the time matrices: 8 x 8
Size of the space matrices: 64 x 64
Starting CG lyaponov
pcg (lyap)

Dim space: 64 time: 8 .  CG its 26  backward error 4.640917e-11
Refinement: 3, Time to solve: 0.012674
Testing the cg_lyap solution
Plotting preparation: 50%
Plotting preparation: 100%

t =

  8x5 table

    refinements    iterCGlyap    timeCGlyap    errorCGlyap    solvingErrorCGlyap
    ___________    __________    __________    ___________    __________________

         1              2          0.51104       0.28743          6.1501e-16    
         2             12         0.012284       0.22728          2.0726e-12    
         3             26         0.012674       0.19526          6.9938e-08    
         4              0                0             0                   0    
         5              0                0             0                   0    
         6              0                0             0                   0    
         7              0                0             0                   0    
         8              0                0             0                   0    

Creating problem... Done!


Size of the time matrices: 16 x 16
Size of the space matrices: 256 x 256
Starting CG lyaponov
pcg (lyap)

Dim space: 256 time: 16 .  CG its 34  backward error 7.120711e-11
Refinement: 4, Time to solve: 0.124395
Testing the cg_lyap solution
Plotting preparation: 50%
Plotting preparation: 100%

t =

  8x5 table

    refinements    iterCGlyap    timeCGlyap    errorCGlyap    solvingErrorCGlyap
    ___________    __________    __________    ___________    __________________

         1              2          0.51104       0.28743          6.1501e-16    
         2             12         0.012284       0.22728          2.0726e-12    
         3             26         0.012674       0.19526          6.9938e-08    
         4             34           0.1244       0.16649          1.6494e-06    
         5              0                0             0                   0    
         6              0                0             0                   0    
         7              0                0             0                   0    
         8              0                0             0                   0    

Creating problem... Done!


Size of the time matrices: 32 x 32
Size of the space matrices: 1024 x 1024
Starting CG lyaponov
pcg (lyap)

Dim space: 1024 time: 32 .  CG its 36  backward error 9.921675e-11
Refinement: 5, Time to solve: 1.307163
Testing the cg_lyap solution
Plotting preparation: 50%
Plotting preparation: 100%

t =

  8x5 table

    refinements    iterCGlyap    timeCGlyap    errorCGlyap    solvingErrorCGlyap
    ___________    __________    __________    ___________    __________________

         1              2          0.51104       0.28743          6.1501e-16    
         2             12         0.012284       0.22728          2.0726e-12    
         3             26         0.012674       0.19526          6.9938e-08    
         4             34           0.1244       0.16649          1.6494e-06    
         5             36           1.3072       0.14005          3.6142e-05    
         6              0                0             0                   0    
         7              0                0             0                   0    
         8              0                0             0                   0    

Creating problem... Done!


Size of the time matrices: 64 x 64
Size of the space matrices: 4096 x 4096
Starting CG lyaponov
pcg (lyap)

Dim space: 4096 time: 64 .  CG its 35  backward error 9.643568e-11
Refinement: 6, Time to solve: 45.536698
Testing the cg_lyap solution
Plotting preparation: 50%
Plotting preparation: 100%

t =

  8x5 table

    refinements    iterCGlyap    timeCGlyap    errorCGlyap    solvingErrorCGlyap
    ___________    __________    __________    ___________    __________________

         1              2          0.51104       0.28743          6.1501e-16    
         2             12         0.012284       0.22728          2.0726e-12    
         3             26         0.012674       0.19526          6.9938e-08    
         4             34           0.1244       0.16649          1.6494e-06    
         5             36           1.3072       0.14005          3.6142e-05    
         6             35           45.537       0.11719          0.00055709    
         7              0                0             0                   0    
         8              0                0             0                   0    

Creating problem... Done!


Size of the time matrices: 128 x 128
Size of the space matrices: 16384 x 16384
Starting CG lyaponov
pcg (lyap)

Dim space: 16384 time: 128 .  CG its 31  backward error 7.812009e-11
Refinement: 7, Time to solve: 1759.550210
Testing the cg_lyap solution
Plotting preparation: 50%
Plotting preparation: 100%

t =

  8x5 table

    refinements    iterCGlyap    timeCGlyap    errorCGlyap    solvingErrorCGlyap
    ___________    __________    __________    ___________    __________________

         1              2          0.51104       0.28743          6.1501e-16    
         2             12         0.012284       0.22728          2.0726e-12    
         3             26         0.012674       0.19526          6.9938e-08    
         4             34           0.1244       0.16649          1.6494e-06    
         5             36           1.3072       0.14005          3.6142e-05    
         6             35           45.537       0.11719          0.00055709    
         7             31           1759.6      0.098025           0.0071846    
         8              0                0             0                   0    

Creating problem... Done!


Size of the time matrices: 256 x 256
Size of the space matrices: 65536 x 65536
Starting CG lyaponov
