
                            < M A T L A B (R) >
                  Copyright 1984-2020 The MathWorks, Inc.
                  R2020a (9.8.0.1323502) 64-bit (glnxa64)
                             February 25, 2020

 
To get started, type doc.
For product information, visit www.mathworks.com.
 
Creating problem... Done!


Size of the time matrices: 2 x 2
Size of the space matrices: 4 x 4
Starting CG lyaponov
pcg (lyap)

Dim space: 4 time: 2 .  CG its 19  backward error 6.484336e-11
Refinement: 1, Time to solve: 2.316795
Testing the cg_lyap solution
Plotting preparation: 25%
Plotting preparation: 50%
Plotting preparation: 75%
Plotting preparation: 100%

t =

  8x5 table

    refinements    iterCGlyap    timeCGlyap    errorCGlyap    solvingErrorCGlyap
    ___________    __________    __________    ___________    __________________

         1             19          2.3168        0.28743          1.1356e-09    
         2              0               0              0                   0    
         3              0               0              0                   0    
         4              0               0              0                   0    
         5              0               0              0                   0    
         6              0               0              0                   0    
         7              0               0              0                   0    
         8              0               0              0                   0    

Creating problem... Done!


Size of the time matrices: 4 x 4
Size of the space matrices: 16 x 16
Starting CG lyaponov
pcg (lyap)

Dim space: 16 time: 4 .  CG its 77  backward error 8.753759e-11
Refinement: 2, Time to solve: 2.518683
Testing the cg_lyap solution
Plotting preparation: 50%
Plotting preparation: 100%

t =

  8x5 table

    refinements    iterCGlyap    timeCGlyap    errorCGlyap    solvingErrorCGlyap
    ___________    __________    __________    ___________    __________________

         1             19          2.3168        0.28743          1.1356e-09    
         2             77          2.5187        0.22728          9.6112e-09    
         3              0               0              0                   0    
         4              0               0              0                   0    
         5              0               0              0                   0    
         6              0               0              0                   0    
         7              0               0              0                   0    
         8              0               0              0                   0    

Creating problem... Done!


Size of the time matrices: 8 x 8
Size of the space matrices: 64 x 64
Starting CG lyaponov
pcg (lyap)

Dim space: 64 time: 8 .  CG its 1000  backward error 9.245330e-10
Refinement: 3, Time to solve: 31.063137
Testing the cg_lyap solution
Plotting preparation: 50%
Plotting preparation: 100%

t =

  8x5 table

    refinements    iterCGlyap    timeCGlyap    errorCGlyap    solvingErrorCGlyap
    ___________    __________    __________    ___________    __________________

         1              19         2.3168        0.28743          1.1356e-09    
         2              77         2.5187        0.22728          9.6112e-09    
         3            1000         31.063        0.19526          1.3933e-06    
         4               0              0              0                   0    
         5               0              0              0                   0    
         6               0              0              0                   0    
         7               0              0              0                   0    
         8               0              0              0                   0    

Creating problem... Done!


Size of the time matrices: 16 x 16
Size of the space matrices: 256 x 256
Starting CG lyaponov
pcg (lyap)

Dim space: 256 time: 16 .  CG its 1000  backward error 2.572361e-07
Refinement: 4, Time to solve: 53.975924
Testing the cg_lyap solution
Plotting preparation: 50%
Plotting preparation: 100%

t =

  8x5 table

    refinements    iterCGlyap    timeCGlyap    errorCGlyap    solvingErrorCGlyap
    ___________    __________    __________    ___________    __________________

         1              19         2.3168        0.28743          1.1356e-09    
         2              77         2.5187        0.22728          9.6112e-09    
         3            1000         31.063        0.19526          1.3933e-06    
         4            1000         53.976        0.16651            0.005983    
         5               0              0              0                   0    
         6               0              0              0                   0    
         7               0              0              0                   0    
         8               0              0              0                   0    

Creating problem... Done!


Size of the time matrices: 32 x 32
Size of the space matrices: 1024 x 1024
Starting CG lyaponov
pcg (lyap)

Dim space: 1024 time: 32 .  CG its 1000  backward error 5.108438e-07
Refinement: 5, Time to solve: 163.734722
Testing the cg_lyap solution
Plotting preparation: 50%
Plotting preparation: 100%

t =

  8x5 table

    refinements    iterCGlyap    timeCGlyap    errorCGlyap    solvingErrorCGlyap
    ___________    __________    __________    ___________    __________________

         1              19         2.3168        0.28743          1.1356e-09    
         2              77         2.5187        0.22728          9.6112e-09    
         3            1000         31.063        0.19526          1.3933e-06    
         4            1000         53.976        0.16651            0.005983    
         5            1000         163.73        0.15768             0.15282    
         6               0              0              0                   0    
         7               0              0              0                   0    
         8               0              0              0                   0    

Creating problem... Done!


Size of the time matrices: 64 x 64
Size of the space matrices: 4096 x 4096
Starting CG lyaponov
pcg (lyap)

Dim space: 4096 time: 64 .  CG its 1000  backward error 4.579590e-08
Refinement: 6, Time to solve: 831.245494
Testing the cg_lyap solution
Plotting preparation: 50%
Plotting preparation: 100%

t =

  8x5 table

    refinements    iterCGlyap    timeCGlyap    errorCGlyap    solvingErrorCGlyap
    ___________    __________    __________    ___________    __________________

         1              19         2.3168        0.28743          1.1356e-09    
         2              77         2.5187        0.22728          9.6112e-09    
         3            1000         31.063        0.19526          1.3933e-06    
         4            1000         53.976        0.16651            0.005983    
         5            1000         163.73        0.15768             0.15282    
         6            1000         831.25        0.19659             0.23596    
         7               0              0              0                   0    
         8               0              0              0                   0    

Creating problem... Done!


Size of the time matrices: 128 x 128
Size of the space matrices: 16384 x 16384
Starting CG lyaponov
pcg (lyap)

Dim space: 16384 time: 128 .  CG its 1000  backward error 4.560169e-09
Refinement: 7, Time to solve: 9420.539971
Testing the cg_lyap solution
Plotting preparation: 50%
Plotting preparation: 100%

t =

  8x5 table

    refinements    iterCGlyap    timeCGlyap    errorCGlyap    solvingErrorCGlyap
    ___________    __________    __________    ___________    __________________

         1              19         2.3168        0.28743          1.1356e-09    
         2              77         2.5187        0.22728          9.6112e-09    
         3            1000         31.063        0.19526          1.3933e-06    
         4            1000         53.976        0.16651            0.005983    
         5            1000         163.73        0.15768             0.15282    
         6            1000         831.25        0.19659             0.23596    
         7            1000         9420.5        0.17902             0.34144    
         8               0              0              0                   0    

Creating problem... Done!


Size of the time matrices: 256 x 256
Size of the space matrices: 65536 x 65536
Starting CG lyaponov
