
                            < M A T L A B (R) >
                  Copyright 1984-2020 The MathWorks, Inc.
                  R2020a (9.8.0.1323502) 64-bit (glnxa64)
                             February 25, 2020

 
To get started, type doc.
For product information, visit www.mathworks.com.
 
Creating problem... Done!


Size of the time matrices: 2 x 2
Size of the space matrices: 4 x 4
Starting CG optimal
pcg (optimal)

Dim space: 4 time: 2 .  CG its 2  backward error 3.641631e-17
Refinement: 1, Time to solve: 1.432747
Testing the cg_opt solution
Plotting preparation: 25%
Plotting preparation: 50%
Plotting preparation: 75%
Plotting preparation: 100%

t =

  8x5 table

    refinements    iterCGopt    timeCGopt    errorCGopt    solvingErrorCGopt
    ___________    _________    _________    __________    _________________

         1             2         1.4327       0.033932        7.8728e-16    
         2             0              0              0                 0    
         3             0              0              0                 0    
         4             0              0              0                 0    
         5             0              0              0                 0    
         6             0              0              0                 0    
         7             0              0              0                 0    
         8             0              0              0                 0    

Creating problem... Done!


Size of the time matrices: 4 x 4
Size of the space matrices: 16 x 16
Starting CG optimal
pcg (optimal)

Dim space: 16 time: 4 .  CG its 12  backward error 2.004268e-17
Refinement: 2, Time to solve: 0.470366
Testing the cg_opt solution
Plotting preparation: 50%
Plotting preparation: 100%

t =

  8x5 table

    refinements    iterCGopt    timeCGopt    errorCGopt    solvingErrorCGopt
    ___________    _________    _________    __________    _________________

         1             2          1.4327      0.033932        7.8728e-16    
         2            12         0.47037      0.026822        1.9674e-15    
         3             0               0             0                 0    
         4             0               0             0                 0    
         5             0               0             0                 0    
         6             0               0             0                 0    
         7             0               0             0                 0    
         8             0               0             0                 0    

Creating problem... Done!


Size of the time matrices: 8 x 8
Size of the space matrices: 64 x 64
Starting CG optimal
pcg (optimal)

Dim space: 64 time: 8 .  CG its 20  backward error 9.318744e-11
Refinement: 3, Time to solve: 0.066532
Testing the cg_opt solution
Plotting preparation: 50%
Plotting preparation: 100%

t =

  8x5 table

    refinements    iterCGopt    timeCGopt    errorCGopt    solvingErrorCGopt
    ___________    _________    _________    __________    _________________

         1             2          1.4327      0.033932        7.8728e-16    
         2            12         0.47037      0.026822        1.9674e-15    
         3            20        0.066532      0.016969        1.5285e-07    
         4             0               0             0                 0    
         5             0               0             0                 0    
         6             0               0             0                 0    
         7             0               0             0                 0    
         8             0               0             0                 0    

Creating problem... Done!


Size of the time matrices: 16 x 16
Size of the space matrices: 256 x 256
Starting CG optimal
pcg (optimal)

Dim space: 256 time: 16 .  CG its 17  backward error 4.976373e-11
Refinement: 4, Time to solve: 0.337815
Testing the cg_opt solution
Plotting preparation: 50%
Plotting preparation: 100%

t =

  8x5 table

    refinements    iterCGopt    timeCGopt    errorCGopt    solvingErrorCGopt
    ___________    _________    _________    __________    _________________

         1             2          1.4327      0.033932        7.8728e-16    
         2            12         0.47037      0.026822        1.9674e-15    
         3            20        0.066532      0.016969        1.5285e-07    
         4            17         0.33781      0.010058        1.3067e-06    
         5             0               0             0                 0    
         6             0               0             0                 0    
         7             0               0             0                 0    
         8             0               0             0                 0    

Creating problem... Done!


Size of the time matrices: 32 x 32
Size of the space matrices: 1024 x 1024
Starting CG optimal
pcg (optimal)

Dim space: 1024 time: 32 .  CG its 12  backward error 4.505013e-11
Refinement: 5, Time to solve: 6.922648
Testing the cg_opt solution
Plotting preparation: 50%
Plotting preparation: 100%

t =

  8x5 table

    refinements    iterCGopt    timeCGopt    errorCGopt    solvingErrorCGopt
    ___________    _________    _________    __________    _________________

         1             2          1.4327      0.033932        7.8728e-16    
         2            12         0.47037      0.026822        1.9674e-15    
         3            20        0.066532      0.016969        1.5285e-07    
         4            17         0.33781      0.010058        1.3067e-06    
         5            12          6.9226     0.0058407        1.9001e-05    
         6             0               0             0                 0    
         7             0               0             0                 0    
         8             0               0             0                 0    

Creating problem... Done!


Size of the time matrices: 64 x 64
Size of the space matrices: 4096 x 4096
Starting CG optimal
pcg (optimal)

Dim space: 4096 time: 64 .  CG its 8  backward error 7.464360e-11
Refinement: 6, Time to solve: 200.757284
Testing the cg_opt solution
Plotting preparation: 50%
Plotting preparation: 100%

t =

  8x5 table

    refinements    iterCGopt    timeCGopt    errorCGopt    solvingErrorCGopt
    ___________    _________    _________    __________    _________________

         1             2          1.4327      0.033932        7.8728e-16    
         2            12         0.47037      0.026822        1.9674e-15    
         3            20        0.066532      0.016969        1.5285e-07    
         4            17         0.33781      0.010058        1.3067e-06    
         5            12          6.9226     0.0058407        1.9001e-05    
         6             8          200.76     0.0033765        0.00050485    
         7             0               0             0                 0    
         8             0               0             0                 0    

Creating problem... Done!


Size of the time matrices: 128 x 128
Size of the space matrices: 16384 x 16384
Starting CG optimal
pcg (optimal)

Dim space: 16384 time: 128 .  CG its 3  backward error 7.366161e-11
Refinement: 7, Time to solve: 8551.026859
Testing the cg_opt solution
Plotting preparation: 50%
Plotting preparation: 100%

t =

  8x5 table

    refinements    iterCGopt    timeCGopt    errorCGopt    solvingErrorCGopt
    ___________    _________    _________    __________    _________________

         1             2          1.4327      0.033932        7.8728e-16    
         2            12         0.47037      0.026822        1.9674e-15    
         3            20        0.066532      0.016969        1.5285e-07    
         4            17         0.33781      0.010058        1.3067e-06    
         5            12          6.9226     0.0058407        1.9001e-05    
         6             8          200.76     0.0033765        0.00050485    
         7             3            8551     0.0020644         0.0079711    
         8             0               0             0                 0    

Creating problem... Done!


Size of the time matrices: 256 x 256
Size of the space matrices: 65536 x 65536
Starting CG optimal
