
                            < M A T L A B (R) >
                  Copyright 1984-2020 The MathWorks, Inc.
                  R2020a (9.8.0.1323502) 64-bit (glnxa64)
                             February 25, 2020

 
To get started, type doc.
For product information, visit www.mathworks.com.
 
Creating problem... Done!


Size of the time matrices: 2 x 2
Size of the space matrices: 4 x 4
Starting CG optimal
pcg (optimal)

Dim space: 4 time: 2 .  CG its 2  backward error 1.086495e-16
Refinement: 1, Time to solve: 2.309209
Testing the cg_opt solution
Plotting preparation: 25%
Plotting preparation: 50%
Plotting preparation: 75%
Plotting preparation: 100%

t =

  8x5 table

    refinements    iterCGopt    timeCGopt    errorCGopt    solvingErrorCGopt
    ___________    _________    _________    __________    _________________

         1             2         2.3092       0.033932        1.6995e-15    
         2             0              0              0                 0    
         3             0              0              0                 0    
         4             0              0              0                 0    
         5             0              0              0                 0    
         6             0              0              0                 0    
         7             0              0              0                 0    
         8             0              0              0                 0    

Creating problem... Done!


Size of the time matrices: 4 x 4
Size of the space matrices: 16 x 16
Starting CG optimal
pcg (optimal)

Dim space: 16 time: 4 .  CG its 12  backward error 5.811255e-15
Refinement: 2, Time to solve: 0.305605
Testing the cg_opt solution
Plotting preparation: 50%
Plotting preparation: 100%

t =

  8x5 table

    refinements    iterCGopt    timeCGopt    errorCGopt    solvingErrorCGopt
    ___________    _________    _________    __________    _________________

         1             2          2.3092      0.033932        1.6995e-15    
         2            12         0.30561      0.026822        6.4879e-13    
         3             0               0             0                 0    
         4             0               0             0                 0    
         5             0               0             0                 0    
         6             0               0             0                 0    
         7             0               0             0                 0    
         8             0               0             0                 0    

Creating problem... Done!


Size of the time matrices: 8 x 8
Size of the space matrices: 64 x 64
Starting CG optimal
pcg (optimal)

Dim space: 64 time: 8 .  CG its 1000  backward error 7.205000e-09
Refinement: 3, Time to solve: 31.233533
Testing the cg_opt solution
Plotting preparation: 50%
Plotting preparation: 100%

t =

  8x5 table

    refinements    iterCGopt    timeCGopt    errorCGopt    solvingErrorCGopt
    ___________    _________    _________    __________    _________________

         1              2         2.3092      0.033932        1.6995e-15    
         2             12        0.30561      0.026822        6.4879e-13    
         3           1000         31.234      0.016969        1.1818e-05    
         4              0              0             0                 0    
         5              0              0             0                 0    
         6              0              0             0                 0    
         7              0              0             0                 0    
         8              0              0             0                 0    

Creating problem... Done!


Size of the time matrices: 16 x 16
Size of the space matrices: 256 x 256
Starting CG optimal
pcg (optimal)

Dim space: 256 time: 16 .  CG its 1000  backward error 5.385990e-08
Refinement: 4, Time to solve: 129.720012
Testing the cg_opt solution
Plotting preparation: 50%
Plotting preparation: 100%

t =

  8x5 table

    refinements    iterCGopt    timeCGopt    errorCGopt    solvingErrorCGopt
    ___________    _________    _________    __________    _________________

         1              2         2.3092      0.033932        1.6995e-15    
         2             12        0.30561      0.026822        6.4879e-13    
         3           1000         31.234      0.016969        1.1818e-05    
         4           1000         129.72      0.010061         0.0014161    
         5              0              0             0                 0    
         6              0              0             0                 0    
         7              0              0             0                 0    
         8              0              0             0                 0    

Creating problem... Done!


Size of the time matrices: 32 x 32
Size of the space matrices: 1024 x 1024
Starting CG optimal
pcg (optimal)

Dim space: 1024 time: 32 .  CG its 1000  backward error 3.420121e-08
Refinement: 5, Time to solve: 301.710632
Testing the cg_opt solution
Plotting preparation: 50%
Plotting preparation: 100%

t =

  8x5 table

    refinements    iterCGopt    timeCGopt    errorCGopt    solvingErrorCGopt
    ___________    _________    _________    __________    _________________

         1              2         2.3092      0.033932        1.6995e-15    
         2             12        0.30561      0.026822        6.4879e-13    
         3           1000         31.234      0.016969        1.1818e-05    
         4           1000         129.72      0.010061         0.0014161    
         5           1000         301.71     0.0059094          0.014237    
         6              0              0             0                 0    
         7              0              0             0                 0    
         8              0              0             0                 0    

Creating problem... Done!


Size of the time matrices: 64 x 64
Size of the space matrices: 4096 x 4096
Starting CG optimal
pcg (optimal)

Dim space: 4096 time: 64 .  CG its 1000  backward error 9.057027e-09
Refinement: 6, Time to solve: 1180.696933
Testing the cg_opt solution
Plotting preparation: 50%
Plotting preparation: 100%

t =

  8x5 table

    refinements    iterCGopt    timeCGopt    errorCGopt    solvingErrorCGopt
    ___________    _________    _________    __________    _________________

         1              2         2.3092      0.033932        1.6995e-15    
         2             12        0.30561      0.026822        6.4879e-13    
         3           1000         31.234      0.016969        1.1818e-05    
         4           1000         129.72      0.010061         0.0014161    
         5           1000         301.71     0.0059094          0.014237    
         6           1000         1180.7     0.0038061          0.061704    
         7              0              0             0                 0    
         8              0              0             0                 0    

Creating problem... Done!


Size of the time matrices: 128 x 128
Size of the space matrices: 16384 x 16384
Starting CG optimal
pcg (optimal)

Dim space: 16384 time: 128 .  CG its 1000  backward error 1.817742e-09
Refinement: 7, Time to solve: 11346.527908
Testing the cg_opt solution
Plotting preparation: 50%
Plotting preparation: 100%

t =

  8x5 table

    refinements    iterCGopt    timeCGopt    errorCGopt    solvingErrorCGopt
    ___________    _________    _________    __________    _________________

         1              2         2.3092      0.033932        1.6995e-15    
         2             12        0.30561      0.026822        6.4879e-13    
         3           1000         31.234      0.016969        1.1818e-05    
         4           1000         129.72      0.010061         0.0014161    
         5           1000         301.71     0.0059094          0.014237    
         6           1000         1180.7     0.0038061          0.061704    
         7           1000          11347     0.0029937           0.19571    
         8              0              0             0                 0    

Creating problem... Done!


Size of the time matrices: 256 x 256
Size of the space matrices: 65536 x 65536
Starting CG optimal
