
                            < M A T L A B (R) >
                  Copyright 1984-2020 The MathWorks, Inc.
                  R2020a (9.8.0.1323502) 64-bit (glnxa64)
                             February 25, 2020

 
To get started, type doc.
For product information, visit www.mathworks.com.
 
Creating problem... Done!


Size of the time matrices: 2 x 2
Size of the space matrices: 4 x 4
Starting CG optimal
pcg (optimal)

Dim space: 4 time: 2 .  CG its 2  backward error 3.413799e-17
Refinement: 1, Time to solve: 1.033374
Testing the cg_opt solution
Plotting preparation: 25%
Plotting preparation: 50%
Plotting preparation: 75%
Plotting preparation: 100%

t =

  8x5 table

    refinements    iterCGopt    timeCGopt    errorCGopt    solvingErrorCGopt
    ___________    _________    _________    __________    _________________

         1             2         1.0334       0.28743         5.1057e-16    
         2             0              0             0                  0    
         3             0              0             0                  0    
         4             0              0             0                  0    
         5             0              0             0                  0    
         6             0              0             0                  0    
         7             0              0             0                  0    
         8             0              0             0                  0    

Creating problem... Done!


Size of the time matrices: 4 x 4
Size of the space matrices: 16 x 16
Starting CG optimal
pcg (optimal)

Dim space: 16 time: 4 .  CG its 12  backward error 2.873847e-17
Refinement: 2, Time to solve: 0.100616
Testing the cg_opt solution
Plotting preparation: 50%
Plotting preparation: 100%

t =

  8x5 table

    refinements    iterCGopt    timeCGopt    errorCGopt    solvingErrorCGopt
    ___________    _________    _________    __________    _________________

         1             2          1.0334      0.28743         5.1057e-16    
         2            12         0.10062      0.22728         2.9354e-15    
         3             0               0            0                  0    
         4             0               0            0                  0    
         5             0               0            0                  0    
         6             0               0            0                  0    
         7             0               0            0                  0    
         8             0               0            0                  0    

Creating problem... Done!


Size of the time matrices: 8 x 8
Size of the space matrices: 64 x 64
Starting CG optimal
pcg (optimal)

Dim space: 64 time: 8 .  CG its 25  backward error 6.759670e-11
Refinement: 3, Time to solve: 0.066607
Testing the cg_opt solution
Plotting preparation: 50%
Plotting preparation: 100%

t =

  8x5 table

    refinements    iterCGopt    timeCGopt    errorCGopt    solvingErrorCGopt
    ___________    _________    _________    __________    _________________

         1             2          1.0334      0.28743         5.1057e-16    
         2            12         0.10062      0.22728         2.9354e-15    
         3            25        0.066607      0.19526         1.0187e-07    
         4             0               0            0                  0    
         5             0               0            0                  0    
         6             0               0            0                  0    
         7             0               0            0                  0    
         8             0               0            0                  0    

Creating problem... Done!


Size of the time matrices: 16 x 16
Size of the space matrices: 256 x 256
Starting CG optimal
pcg (optimal)

Dim space: 256 time: 16 .  CG its 21  backward error 9.506251e-11
Refinement: 4, Time to solve: 0.366804
Testing the cg_opt solution
Plotting preparation: 50%
Plotting preparation: 100%

t =

  8x5 table

    refinements    iterCGopt    timeCGopt    errorCGopt    solvingErrorCGopt
    ___________    _________    _________    __________    _________________

         1             2          1.0334      0.28743         5.1057e-16    
         2            12         0.10062      0.22728         2.9354e-15    
         3            25        0.066607      0.19526         1.0187e-07    
         4            21          0.3668      0.16649          2.202e-06    
         5             0               0            0                  0    
         6             0               0            0                  0    
         7             0               0            0                  0    
         8             0               0            0                  0    

Creating problem... Done!


Size of the time matrices: 32 x 32
Size of the space matrices: 1024 x 1024
Starting CG optimal
pcg (optimal)

Dim space: 1024 time: 32 .  CG its 16  backward error 8.546262e-11
Refinement: 5, Time to solve: 7.291361
Testing the cg_opt solution
Plotting preparation: 50%
Plotting preparation: 100%

t =

  8x5 table

    refinements    iterCGopt    timeCGopt    errorCGopt    solvingErrorCGopt
    ___________    _________    _________    __________    _________________

         1             2          1.0334      0.28743         5.1057e-16    
         2            12         0.10062      0.22728         2.9354e-15    
         3            25        0.066607      0.19526         1.0187e-07    
         4            21          0.3668      0.16649          2.202e-06    
         5            16          7.2914      0.14005         3.1132e-05    
         6             0               0            0                  0    
         7             0               0            0                  0    
         8             0               0            0                  0    

Creating problem... Done!


Size of the time matrices: 64 x 64
Size of the space matrices: 4096 x 4096
Starting CG optimal
pcg (optimal)

Dim space: 4096 time: 64 .  CG its 11  backward error 8.272002e-11
Refinement: 6, Time to solve: 264.480279
Testing the cg_opt solution
Plotting preparation: 50%
Plotting preparation: 100%

t =

  8x5 table

    refinements    iterCGopt    timeCGopt    errorCGopt    solvingErrorCGopt
    ___________    _________    _________    __________    _________________

         1             2          1.0334      0.28743         5.1057e-16    
         2            12         0.10062      0.22728         2.9354e-15    
         3            25        0.066607      0.19526         1.0187e-07    
         4            21          0.3668      0.16649          2.202e-06    
         5            16          7.2914      0.14005         3.1132e-05    
         6            11          264.48      0.11719         0.00047785    
         7             0               0            0                  0    
         8             0               0            0                  0    

Creating problem... Done!


Size of the time matrices: 128 x 128
Size of the space matrices: 16384 x 16384
Starting CG optimal
pcg (optimal)

Dim space: 16384 time: 128 .  CG its 7  backward error 6.817447e-11
Refinement: 7, Time to solve: 11670.361217
Testing the cg_opt solution
Plotting preparation: 50%
Plotting preparation: 100%

t =

  8x5 table

    refinements    iterCGopt    timeCGopt    errorCGopt    solvingErrorCGopt
    ___________    _________    _________    __________    _________________

         1             2          1.0334       0.28743        5.1057e-16    
         2            12         0.10062       0.22728        2.9354e-15    
         3            25        0.066607       0.19526        1.0187e-07    
         4            21          0.3668       0.16649         2.202e-06    
         5            16          7.2914       0.14005        3.1132e-05    
         6            11          264.48       0.11719        0.00047785    
         7             7           11670      0.098079         0.0062713    
         8             0               0             0                 0    

Creating problem... Done!


Size of the time matrices: 256 x 256
Size of the space matrices: 65536 x 65536
Starting CG optimal
