
                            < M A T L A B (R) >
                  Copyright 1984-2020 The MathWorks, Inc.
                  R2020a (9.8.0.1323502) 64-bit (glnxa64)
                             February 25, 2020

 
To get started, type doc.
For product information, visit www.mathworks.com.
 
Creating problem... Done!


Size of the time matrices: 2 x 2
Size of the space matrices: 8 x 8
Starting Galerkin
     iter        rel.res.   bckwrd er.res    sigma1      sigma2       dim(V)       dim(W)
  Columns 1 through 6

   1.0000e+00   7.3658e-16   1.5898e-17   1.0000e+00   1.0000e-02   3.0000e+00

  Column 7

   2.0000e+00

Galerkin: Refinement: 1, Time to solve: 0.237612
Testing the galerkin solution
Getting solution: 25%
Getting solution: 50%
Getting solution: 75%
Getting solution: 100%

t =

  6x5 table

    refinements    iterGalerkin    timeGalerkin    errorGalerkin    solvingErrorGalerkin
    ___________    ____________    ____________    _____________    ____________________

    1.0000e+00      1.0000e+00      2.3761e-01      1.0210e-02           6.9833e-16     
    2.0000e+00      0.0000e+00      0.0000e+00      0.0000e+00           0.0000e+00     
    3.0000e+00      0.0000e+00      0.0000e+00      0.0000e+00           0.0000e+00     
    4.0000e+00      0.0000e+00      0.0000e+00      0.0000e+00           0.0000e+00     
    5.0000e+00      0.0000e+00      0.0000e+00      0.0000e+00           0.0000e+00     
    6.0000e+00      0.0000e+00      0.0000e+00      0.0000e+00           0.0000e+00     

Creating problem... Done!


Size of the time matrices: 4 x 4
Size of the space matrices: 64 x 64
Starting Galerkin
     iter        rel.res.   bckwrd er.res    sigma1      sigma2       dim(V)       dim(W)
  Columns 1 through 6

   1.0000e+00   4.8751e-01   3.1098e-03   1.0000e+00   1.0000e-02   3.0000e+00

  Column 7

   3.0000e+00

  Columns 1 through 6

   2.0000e+00   2.3752e-15   8.9689e-18   3.0600e+01   2.8511e+02   4.0000e+00

  Column 7

   4.0000e+00

Galerkin: Refinement: 2, Time to solve: 0.029233
Testing the galerkin solution
Getting solution: 50%
Getting solution: 100%

t =

  6x5 table

    refinements    iterGalerkin    timeGalerkin    errorGalerkin    solvingErrorGalerkin
    ___________    ____________    ____________    _____________    ____________________

    1.0000e+00      1.0000e+00      2.3761e-01      1.0210e-02           6.9833e-16     
    2.0000e+00      2.0000e+00      2.9233e-02      8.6287e-03           2.6277e-15     
    3.0000e+00      0.0000e+00      0.0000e+00      0.0000e+00           0.0000e+00     
    4.0000e+00      0.0000e+00      0.0000e+00      0.0000e+00           0.0000e+00     
    5.0000e+00      0.0000e+00      0.0000e+00      0.0000e+00           0.0000e+00     
    6.0000e+00      0.0000e+00      0.0000e+00      0.0000e+00           0.0000e+00     

Creating problem... Done!


Size of the time matrices: 8 x 8
Size of the space matrices: 512 x 512
Starting Galerkin
     iter        rel.res.   bckwrd er.res    sigma1      sigma2       dim(V)       dim(W)
  Columns 1 through 6

   1.0000e+00   4.4531e-01   2.2678e-04   1.0000e+00   1.0000e-02   3.0000e+00

  Column 7

   3.0000e+00

  Columns 1 through 6

   2.0000e+00   1.3331e-01   2.0060e-05   2.3086e+01   7.9498e+02   5.0000e+00

  Column 7

   5.0000e+00

  Columns 1 through 6

   3.0000e+00   4.1216e-02   6.1763e-06   6.6020e+01   7.6046e+01   7.0000e+00

  Column 7

   7.0000e+00

  Columns 1 through 6

   4.0000e+00   2.5508e-04   3.8230e-08   5.8265e+00   8.8704e+03   9.0000e+00

  Column 7

   8.0000e+00

  Columns 1 through 6

   5.0000e+00   1.4350e-04   2.1507e-08   1.1581e+02   5.9124e+04   1.1000e+01

  Column 7

   8.0000e+00

  Columns 1 through 6

   6.0000e+00   2.8859e-05   4.3253e-09   1.2417e+01   5.9124e+04   1.3000e+01

  Column 7

   8.0000e+00

  Columns 1 through 6

   7.0000e+00   4.8146e-06   7.2160e-10   4.2610e+01   5.9124e+04   1.5000e+01

  Column 7

   8.0000e+00

  Columns 1 through 6

   8.0000e+00   1.9177e-06   2.8742e-10   2.3462e+00   5.9124e+04   1.7000e+01

  Column 7

   8.0000e+00

  Columns 1 through 6

   9.0000e+00   1.4225e-06   2.1320e-10   8.7288e+01   5.9124e+04   1.9000e+01

  Column 7

   8.0000e+00

  Columns 1 through 6

   1.0000e+01   1.6192e-10   2.4268e-14   3.1691e+01   5.9124e+04   2.1000e+01

  Column 7

   8.0000e+00

Galerkin: Refinement: 3, Time to solve: 0.166660
Testing the galerkin solution
Getting solution: 50%
Getting solution: 100%

t =

  6x5 table

    refinements    iterGalerkin    timeGalerkin    errorGalerkin    solvingErrorGalerkin
    ___________    ____________    ____________    _____________    ____________________

    1.0000e+00      1.0000e+00      2.3761e-01      1.0210e-02           6.9833e-16     
    2.0000e+00      2.0000e+00      2.9233e-02      8.6287e-03           2.6277e-15     
    3.0000e+00      1.0000e+01      1.6666e-01      5.8350e-03           1.6192e-10     
    4.0000e+00      0.0000e+00      0.0000e+00      0.0000e+00           0.0000e+00     
    5.0000e+00      0.0000e+00      0.0000e+00      0.0000e+00           0.0000e+00     
    6.0000e+00      0.0000e+00      0.0000e+00      0.0000e+00           0.0000e+00     

Creating problem... Done!


Size of the time matrices: 16 x 16
Size of the space matrices: 4096 x 4096
Starting Galerkin
     iter        rel.res.   bckwrd er.res    sigma1      sigma2       dim(V)       dim(W)
  Columns 1 through 6

   1.0000e+00   4.9070e-01   1.2837e-05   1.0000e+00   1.0000e-02   3.0000e+00

  Column 7

   3.0000e+00

  Columns 1 through 6

   2.0000e+00   3.5839e-01   1.7561e-06   2.0816e-01   2.2290e+03   5.0000e+00

  Column 7

   5.0000e+00

  Columns 1 through 6

   3.0000e+00   2.5451e-01   1.2298e-06   3.8051e+01   6.2698e+01   7.0000e+00

  Column 7

   7.0000e+00

  Columns 1 through 6

   4.0000e+00   1.9453e-01   9.3574e-07   1.8292e+02   5.3307e+04   9.0000e+00

  Column 7

   9.0000e+00

  Columns 1 through 6

   5.0000e+00   1.5337e-02   7.3135e-08   9.6314e+00   9.9440e+03   1.1000e+01

  Column 7

   1.1000e+01

  Columns 1 through 6

   6.0000e+00   3.7875e-03   1.8061e-08   7.0504e+01   3.2020e+05   1.3000e+01

  Column 7

   1.3000e+01

  Columns 1 through 6

   7.0000e+00   5.7343e-04   2.7344e-09   2.1423e+02   5.1264e+02   1.5000e+01

  Column 7

   1.5000e+01

  Columns 1 through 6

   8.0000e+00   4.6665e-04   2.2252e-09   4.0263e+00   2.4369e+04   1.7000e+01

  Column 7

   1.6000e+01

  Columns 1 through 6

   9.0000e+00   3.0623e-04   1.4603e-09   2.0851e+01   1.2128e+05   1.9000e+01

  Column 7

   1.6000e+01

  Columns 1 through 6

   1.0000e+01   2.3845e-04   1.1370e-09   2.3850e+02   1.2128e+05   2.1000e+01

  Column 7

   1.6000e+01

  Columns 1 through 6

   1.1000e+01   1.2322e-04   5.8758e-10   1.2516e+02   1.2128e+05   2.3000e+01

  Column 7

   1.6000e+01

  Columns 1 through 6

   1.2000e+01   5.9472e-05   2.8359e-10   2.1940e+00   1.2128e+05   2.5000e+01

  Column 7

   1.6000e+01

  Columns 1 through 6

   1.3000e+01   4.8518e-05   2.3136e-10   5.1782e+01   1.2128e+05   2.7000e+01

  Column 7

   1.6000e+01

  Columns 1 through 6

   1.4000e+01   2.8422e-05   1.3553e-10   1.4640e+01   1.2128e+05   2.9000e+01

  Column 7

   1.6000e+01

  Columns 1 through 6

   1.5000e+01   1.6003e-05   7.6309e-11   2.4932e+02   1.2128e+05   3.1000e+01

  Column 7

   1.6000e+01

Galerkin: Refinement: 4, Time to solve: 2.622137
Testing the galerkin solution
Getting solution: 50%
Getting solution: 100%

t =

  6x5 table

    refinements    iterGalerkin    timeGalerkin    errorGalerkin    solvingErrorGalerkin
    ___________    ____________    ____________    _____________    ____________________

    1.0000e+00      1.0000e+00      2.3761e-01      1.0210e-02           6.9833e-16     
    2.0000e+00      2.0000e+00      2.9233e-02      8.6287e-03           2.6277e-15     
    3.0000e+00      1.0000e+01      1.6666e-01      5.8350e-03           1.6192e-10     
    4.0000e+00      1.5000e+01      2.6221e+00      3.5442e-03           1.6003e-05     
    5.0000e+00      0.0000e+00      0.0000e+00      0.0000e+00           0.0000e+00     
    6.0000e+00      0.0000e+00      0.0000e+00      0.0000e+00           0.0000e+00     

Creating problem... Done!


Size of the time matrices: 32 x 32
Size of the space matrices: 32768 x 32768
Starting Galerkin
     iter        rel.res.   bckwrd er.res    sigma1      sigma2       dim(V)       dim(W)
  Columns 1 through 6

   1.0000e+00   5.3828e-01   6.0922e-07   1.0000e+00   1.0000e-02   3.0000e+00

  Column 7

   3.0000e+00

  Columns 1 through 6

   2.0000e+00   1.0939e+00   3.8772e-07   2.6572e-02   6.5071e+03   5.0000e+00

  Column 7

   5.0000e+00

  Columns 1 through 6

   3.0000e+00   4.0813e-01   7.0191e-08   1.4918e+01   5.1334e+01   7.0000e+00

  Column 7

   7.0000e+00

  Columns 1 through 6

   4.0000e+00   3.8563e-01   6.4978e-08   2.2606e+02   2.1294e+05   9.0000e+00

  Column 7

   9.0000e+00

  Columns 1 through 6

   5.0000e+00   6.8240e-02   1.0163e-08   2.2607e-01   7.7946e+02   1.1000e+01

  Column 7

   1.1000e+01

  Columns 1 through 6

   6.0000e+00   7.1928e-02   1.0709e-08   4.1046e+01   3.8000e+04   1.3000e+01

  Column 7

   1.3000e+01

  Columns 1 through 6

   7.0000e+00   7.1610e-02   1.0662e-08   4.1412e+02   1.2264e+06   1.5000e+01

  Column 7

   1.5000e+01

  Columns 1 through 6

   8.0000e+00   1.6764e-02   2.4953e-09   3.8903e+00   2.3064e+03   1.7000e+01

  Column 7

   1.7000e+01

  Columns 1 through 6

   9.0000e+00   5.1140e-03   7.6123e-10   7.9243e+00   8.7156e+04   1.9000e+01

  Column 7

   1.9000e+01

  Columns 1 through 6

   1.0000e+01   2.9474e-03   4.3872e-10   1.3880e+02   3.8397e+06   2.1000e+01

  Column 7

   2.1000e+01

  Columns 1 through 6

   1.1000e+01   1.1332e-03   1.6868e-10   2.5937e+01   1.6206e+04   2.3000e+01

  Column 7

   2.3000e+01

  Columns 1 through 6

   1.2000e+01   7.3654e-04   1.0963e-10   1.8706e+00   4.5134e+05   2.5000e+01

  Column 7

   2.5000e+01

  Columns 1 through 6

   1.3000e+01   6.8051e-04   1.0129e-10   4.6128e+02   2.3190e+02   2.7000e+01

  Column 7

   2.7000e+01

  Columns 1 through 6

   1.4000e+01   5.2370e-04   7.7953e-11   7.9956e-02   7.1319e+05   2.9000e+01

  Column 7

   2.9000e+01

Galerkin: Refinement: 5, Time to solve: 105.684882
Testing the galerkin solution
Getting solution: 50%
Getting solution: 100%

t =

  6x5 table

    refinements    iterGalerkin    timeGalerkin    errorGalerkin    solvingErrorGalerkin
    ___________    ____________    ____________    _____________    ____________________

    1.0000e+00      1.0000e+00      2.3761e-01      1.0210e-02           6.9833e-16     
    2.0000e+00      2.0000e+00      2.9233e-02      8.6287e-03           2.6277e-15     
    3.0000e+00      1.0000e+01      1.6666e-01      5.8350e-03           1.6192e-10     
    4.0000e+00      1.5000e+01      2.6221e+00      3.5442e-03           1.6003e-05     
    5.0000e+00      1.4000e+01      1.0568e+02      2.1155e-03           5.2370e-04     
    6.0000e+00      0.0000e+00      0.0000e+00      0.0000e+00           0.0000e+00     

Creating problem... Done!


Size of the time matrices: 64 x 64
Size of the space matrices: 262144 x 262144
Starting Galerkin
     iter        rel.res.   bckwrd er.res    sigma1      sigma2       dim(V)       dim(W)
  Columns 1 through 6

   1.0000e+00   5.7368e-01   2.2326e-08   1.0000e+00   1.0000e-02   3.0000e+00

  Column 7

   3.0000e+00

  Columns 1 through 6

   2.0000e+00   6.8433e-01   4.7394e-08   3.3393e-03   1.7209e+04   5.0000e+00

  Column 7

   5.0000e+00

  Columns 1 through 6

   3.0000e+00   7.5868e-01   4.0509e-09   6.6684e-02   7.2507e+01   7.0000e+00

  Column 7

   7.0000e+00

  Columns 1 through 6

   4.0000e+00   5.6144e-01   2.8517e-09   2.0690e+01   6.5384e+05   9.0000e+00

  Column 7

   9.0000e+00

  Columns 1 through 6

   5.0000e+00   9.3226e-02   4.3664e-10   5.6487e+02   8.3618e+02   1.1000e+01

  Column 7

   1.1000e+01

  Columns 1 through 6

   6.0000e+00   1.0250e-01   4.7701e-10   2.7635e-01   8.7910e+04   1.3000e+01

  Column 7

   1.3000e+01

  Columns 1 through 6

   7.0000e+00   1.0300e-01   4.7867e-10   4.4041e+00   8.3967e+00   1.5000e+01

  Column 7

   1.5000e+01

  Columns 1 through 6

   8.0000e+00   1.0391e-01   4.8287e-10   1.6855e-02   3.5869e+06   1.7000e+01

  Column 7

   1.7000e+01

  Columns 1 through 6

   9.0000e+00   2.0130e-02   9.3534e-11   2.0426e+02   4.5220e+03   1.9000e+01

  Column 7

   1.9000e+01

  Columns 1 through 6

   1.0000e+01   9.9417e-03   4.6194e-11   2.0158e+00   2.4004e+05   2.1000e+01

  Column 7

   2.1000e+01

Galerkin: Refinement: 6, Time to solve: 3733.713235
Testing the galerkin solution
Getting solution: 50%
Getting solution: 100%

t =

  6x5 table

    refinements    iterGalerkin    timeGalerkin    errorGalerkin    solvingErrorGalerkin
    ___________    ____________    ____________    _____________    ____________________

    1.0000e+00      1.0000e+00      2.3761e-01      1.0210e-02           6.9833e-16     
    2.0000e+00      2.0000e+00      2.9233e-02      8.6287e-03           2.6277e-15     
    3.0000e+00      1.0000e+01      1.6666e-01      5.8350e-03           1.6192e-10     
    4.0000e+00      1.5000e+01      2.6221e+00      3.5442e-03           1.6003e-05     
    5.0000e+00      1.4000e+01      1.0568e+02      2.1155e-03           5.2370e-04     
    6.0000e+00      1.0000e+01      3.7337e+03      1.3589e-03           9.9417e-03     

