
                            < M A T L A B (R) >
                  Copyright 1984-2020 The MathWorks, Inc.
                  R2020a (9.8.0.1323502) 64-bit (glnxa64)
                             February 25, 2020

 
To get started, type doc.
For product information, visit www.mathworks.com.
 
Creating problem... Done!


Size of the time matrices: 2 x 2
Size of the space matrices: 8 x 8
Starting Galerkin
     iter        rel.res.   bckwrd er.res    sigma1      sigma2       dim(V)       dim(W)
  Columns 1 through 6

   1.0000e+00   3.2656e-16   7.0483e-18   1.0000e+00   1.0000e-02   3.0000e+00

  Column 7

   2.0000e+00

Galerkin: Refinement: 1, Time to solve: 0.235406
Testing the galerkin solution
Getting solution: 25%
Getting solution: 50%
Getting solution: 75%
Getting solution: 100%

t =

  6x5 table

    refinements    iterGalerkin    timeGalerkin    errorGalerkin    solvingErrorGalerkin
    ___________    ____________    ____________    _____________    ____________________

    1.0000e+00      1.0000e+00      2.3541e-01      2.1736e-01           4.1903e-16     
    2.0000e+00      0.0000e+00      0.0000e+00      0.0000e+00           0.0000e+00     
    3.0000e+00      0.0000e+00      0.0000e+00      0.0000e+00           0.0000e+00     
    4.0000e+00      0.0000e+00      0.0000e+00      0.0000e+00           0.0000e+00     
    5.0000e+00      0.0000e+00      0.0000e+00      0.0000e+00           0.0000e+00     
    6.0000e+00      0.0000e+00      0.0000e+00      0.0000e+00           0.0000e+00     

Creating problem... Done!


Size of the time matrices: 4 x 4
Size of the space matrices: 64 x 64
Starting Galerkin
     iter        rel.res.   bckwrd er.res    sigma1      sigma2       dim(V)       dim(W)
  Columns 1 through 6

   1.0000e+00   4.6893e-01   2.7597e-03   1.0000e+00   1.0000e-02   3.0000e+00

  Column 7

   3.0000e+00

  Columns 1 through 6

   2.0000e+00   2.0696e-15   7.5978e-18   3.0112e+01   2.8511e+02   4.0000e+00

  Column 7

   4.0000e+00

Galerkin: Refinement: 2, Time to solve: 0.032131
Testing the galerkin solution
Getting solution: 50%
Getting solution: 100%

t =

  6x5 table

    refinements    iterGalerkin    timeGalerkin    errorGalerkin    solvingErrorGalerkin
    ___________    ____________    ____________    _____________    ____________________

    1.0000e+00      1.0000e+00      2.3541e-01      2.1736e-01           4.1903e-16     
    2.0000e+00      2.0000e+00      3.2131e-02      1.7981e-01           2.2090e-15     
    3.0000e+00      0.0000e+00      0.0000e+00      0.0000e+00           0.0000e+00     
    4.0000e+00      0.0000e+00      0.0000e+00      0.0000e+00           0.0000e+00     
    5.0000e+00      0.0000e+00      0.0000e+00      0.0000e+00           0.0000e+00     
    6.0000e+00      0.0000e+00      0.0000e+00      0.0000e+00           0.0000e+00     

Creating problem... Done!


Size of the time matrices: 8 x 8
Size of the space matrices: 512 x 512
Starting Galerkin
     iter        rel.res.   bckwrd er.res    sigma1      sigma2       dim(V)       dim(W)
  Columns 1 through 6

   1.0000e+00   4.6632e-01   2.6989e-04   1.0000e+00   1.0000e-02   3.0000e+00

  Column 7

   3.0000e+00

  Columns 1 through 6

   2.0000e+00   1.8736e-01   3.1846e-05   2.7014e+01   7.9498e+02   5.0000e+00

  Column 7

   5.0000e+00

  Columns 1 through 6

   3.0000e+00   8.3552e-02   1.4090e-05   7.3879e+00   7.6046e+01   7.0000e+00

  Column 7

   7.0000e+00

  Columns 1 through 6

   4.0000e+00   1.0996e-02   1.8516e-06   7.3787e+01   8.8704e+03   9.0000e+00

  Column 7

   8.0000e+00

  Columns 1 through 6

   5.0000e+00   5.8994e-03   9.9335e-07   1.1020e+02   5.9124e+04   1.1000e+01

  Column 7

   8.0000e+00

  Columns 1 through 6

   6.0000e+00   2.1948e-03   3.6956e-07   2.9386e+00   5.9124e+04   1.3000e+01

  Column 7

   8.0000e+00

  Columns 1 through 6

   7.0000e+00   6.8602e-04   1.1551e-07   4.4743e+01   5.9124e+04   1.5000e+01

  Column 7

   8.0000e+00

  Columns 1 through 6

   8.0000e+00   4.0756e-04   6.8626e-08   1.5008e+01   5.9124e+04   1.7000e+01

  Column 7

   8.0000e+00

  Columns 1 through 6

   9.0000e+00   2.7508e-04   4.6319e-08   1.1600e+02   5.9124e+04   1.9000e+01

  Column 7

   8.0000e+00

  Columns 1 through 6

   1.0000e+01   7.4818e-10   1.2598e-13   1.6798e+00   5.9124e+04   2.1000e+01

  Column 7

   8.0000e+00

Galerkin: Refinement: 3, Time to solve: 0.250909
Testing the galerkin solution
Getting solution: 50%
Getting solution: 100%

t =

  6x5 table

    refinements    iterGalerkin    timeGalerkin    errorGalerkin    solvingErrorGalerkin
    ___________    ____________    ____________    _____________    ____________________

    1.0000e+00      1.0000e+00      2.3541e-01      2.1736e-01           4.1903e-16     
    2.0000e+00      2.0000e+00      3.2131e-02      1.7981e-01           2.2090e-15     
    3.0000e+00      1.0000e+01      2.5091e-01      1.5929e-01           7.4818e-10     
    4.0000e+00      0.0000e+00      0.0000e+00      0.0000e+00           0.0000e+00     
    5.0000e+00      0.0000e+00      0.0000e+00      0.0000e+00           0.0000e+00     
    6.0000e+00      0.0000e+00      0.0000e+00      0.0000e+00           0.0000e+00     

Creating problem... Done!


Size of the time matrices: 16 x 16
Size of the space matrices: 4096 x 4096
Starting Galerkin
     iter        rel.res.   bckwrd er.res    sigma1      sigma2       dim(V)       dim(W)
  Columns 1 through 6

   1.0000e+00   4.8940e-01   1.5599e-05   1.0000e+00   1.0000e-02   3.0000e+00

  Column 7

   3.0000e+00

  Columns 1 through 6

   2.0000e+00   4.1669e-01   2.4887e-06   1.4291e+01   2.2290e+03   5.0000e+00

  Column 7

   5.0000e+00

  Columns 1 through 6

   3.0000e+00   3.0539e-01   1.7557e-06   1.4716e+02   6.2698e+01   7.0000e+00

  Column 7

   7.0000e+00

  Columns 1 through 6

   4.0000e+00   1.9759e-01   1.1276e-06   2.0816e-01   5.3307e+04   9.0000e+00

  Column 7

   9.0000e+00

  Columns 1 through 6

   5.0000e+00   5.3892e-02   3.0484e-07   4.4146e+01   9.9440e+03   1.1000e+01

  Column 7

   1.1000e+01

  Columns 1 through 6

   6.0000e+00   2.2782e-02   1.2885e-07   2.1359e+02   3.2020e+05   1.3000e+01

  Column 7

   1.3000e+01

  Columns 1 through 6

   7.0000e+00   1.4678e-02   8.3010e-08   5.1636e+00   5.1264e+02   1.5000e+01

  Column 7

   1.5000e+01

  Columns 1 through 6

   8.0000e+00   1.3051e-02   7.3808e-08   7.0018e+01   2.4369e+04   1.7000e+01

  Column 7

   1.6000e+01

  Columns 1 through 6

   9.0000e+00   9.1948e-03   5.2001e-08   2.4621e+01   1.2128e+05   1.9000e+01

  Column 7

   1.6000e+01

  Columns 1 through 6

   1.0000e+01   8.8916e-03   5.0286e-08   2.3915e+02   1.2128e+05   2.1000e+01

  Column 7

   1.6000e+01

  Columns 1 through 6

   1.1000e+01   8.1516e-03   4.6101e-08   2.5481e+00   1.2128e+05   2.3000e+01

  Column 7

   1.6000e+01

  Columns 1 through 6

   1.2000e+01   3.8014e-03   2.1499e-08   1.1827e+02   1.2128e+05   2.5000e+01

  Column 7

   1.6000e+01

  Columns 1 through 6

   1.3000e+01   2.7606e-03   1.5613e-08   9.2289e+00   1.2128e+05   2.7000e+01

  Column 7

   1.6000e+01

  Columns 1 through 6

   1.4000e+01   1.7849e-03   1.0094e-08   2.4675e+02   1.2128e+05   2.9000e+01

  Column 7

   1.6000e+01

  Columns 1 through 6

   1.5000e+01   1.5124e-03   8.5530e-09   3.3696e+01   1.2128e+05   3.1000e+01

  Column 7

   1.6000e+01

  Columns 1 through 6

   1.6000e+01   1.4710e-03   8.3192e-09   1.7836e+02   1.2128e+05   3.3000e+01

  Column 7

   1.6000e+01

  Columns 1 through 6

   1.7000e+01   1.1566e-03   6.5413e-09   4.5088e-01   1.2128e+05   3.5000e+01

  Column 7

   1.6000e+01

  Columns 1 through 6

   1.8000e+01   8.4003e-04   4.7507e-09   5.7202e+01   1.2128e+05   3.7000e+01

  Column 7

   1.6000e+01

  Columns 1 through 6

   1.9000e+01   7.3016e-04   4.1294e-09   8.7178e+01   1.2128e+05   3.9000e+01

  Column 7

   1.6000e+01

  Columns 1 through 6

   2.0000e+01   6.4642e-04   3.6558e-09   1.8612e+01   1.2128e+05   4.1000e+01

  Column 7

   1.6000e+01

  Columns 1 through 6

   2.1000e+01   4.6835e-04   2.6487e-09   1.9688e+02   1.2128e+05   4.3000e+01

  Column 7

   1.6000e+01

  Columns 1 through 6

   2.2000e+01   4.1381e-04   2.3403e-09   3.7487e+00   1.2128e+05   4.5000e+01

  Column 7

   1.6000e+01

  Columns 1 through 6

   2.3000e+01   3.8208e-04   2.1608e-09   1.3228e+02   1.2128e+05   4.7000e+01

  Column 7

   1.6000e+01

  Columns 1 through 6

   2.4000e+01   3.5115e-04   1.9859e-09   7.2175e+00   1.2128e+05   4.9000e+01

  Column 7

   1.6000e+01

  Columns 1 through 6

   2.5000e+01   3.0351e-04   1.7165e-09   2.4873e+02   1.2128e+05   5.1000e+01

  Column 7

   1.6000e+01

  Columns 1 through 6

   2.6000e+01   2.5173e-04   1.4236e-09   1.5644e+00   1.2128e+05   5.3000e+01

  Column 7

   1.6000e+01

  Columns 1 through 6

   2.7000e+01   2.4770e-04   1.4008e-09   3.8657e+01   1.2128e+05   5.5000e+01

  Column 7

   1.6000e+01

  Columns 1 through 6

   2.8000e+01   2.1580e-04   1.2205e-09   7.8273e+01   1.2128e+05   5.7000e+01

  Column 7

   1.6000e+01

  Columns 1 through 6

   2.9000e+01   2.0059e-04   1.1345e-09   1.1824e+01   1.2128e+05   5.9000e+01

  Column 7

   1.6000e+01

  Columns 1 through 6

   3.0000e+01   2.0100e-04   1.1368e-09   2.2656e+02   1.2128e+05   6.1000e+01

  Column 7

   1.6000e+01

  Columns 1 through 6

   3.1000e+01   1.9040e-04   1.0768e-09   2.8719e-01   1.2128e+05   6.3000e+01

  Column 7

   1.6000e+01

  Columns 1 through 6

   3.2000e+01   1.7716e-04   1.0019e-09   2.8546e+01   1.2128e+05   6.5000e+01

  Column 7

   1.6000e+01

  Columns 1 through 6

   3.3000e+01   1.4015e-04   7.9262e-10   1.6247e+02   1.2128e+05   6.7000e+01

  Column 7

   1.6000e+01

  Columns 1 through 6

   3.4000e+01   1.1495e-04   6.5007e-10   5.1021e+01   1.2128e+05   6.9000e+01

  Column 7

   1.6000e+01

  Columns 1 through 6

   3.5000e+01   9.8871e-05   5.5916e-10   6.9433e-01   1.2128e+05   7.1000e+01

  Column 7

   1.6000e+01

  Columns 1 through 6

   3.6000e+01   8.6151e-05   4.8722e-10   1.0700e+02   1.2128e+05   7.3000e+01

  Column 7

   1.6000e+01

  Columns 1 through 6

   3.7000e+01   6.9778e-05   3.9463e-10   2.1071e+01   1.2128e+05   7.5000e+01

  Column 7

   1.6000e+01

  Columns 1 through 6

   3.8000e+01   6.4410e-05   3.6427e-10   2.0473e+00   1.2128e+05   7.7000e+01

  Column 7

   1.6000e+01

  Columns 1 through 6

   3.9000e+01   6.3599e-05   3.5968e-10   2.3324e+02   1.2128e+05   7.9000e+01

  Column 7

   1.6000e+01

  Columns 1 through 6

   4.0000e+01   6.2917e-05   3.5582e-10   6.3540e+01   1.2128e+05   8.1000e+01

  Column 7

   1.6000e+01

  Columns 1 through 6

   4.1000e+01   6.4712e-05   3.6597e-10   6.1339e+00   1.2128e+05   8.3000e+01

  Column 7

   1.6000e+01

  Columns 1 through 6

   4.2000e+01   5.4846e-05   3.1018e-10   1.8764e+02   1.2128e+05   8.5000e+01

  Column 7

   1.6000e+01

  Columns 1 through 6

   4.3000e+01   5.1448e-05   2.9096e-10   1.6199e+01   1.2128e+05   8.7000e+01

  Column 7

   1.6000e+01

  Columns 1 through 6

   4.4000e+01   4.5269e-05   2.5602e-10   9.4638e+01   1.2128e+05   8.9000e+01

  Column 7

   1.6000e+01

  Columns 1 through 6

   4.5000e+01   3.9762e-05   2.2487e-10   2.3550e-01   1.2128e+05   9.1000e+01

  Column 7

   1.6000e+01

  Columns 1 through 6

   4.6000e+01   2.9948e-05   1.6937e-10   2.4936e+02   1.2128e+05   9.3000e+01

  Column 7

   1.6000e+01

  Columns 1 through 6

   4.7000e+01   2.3740e-05   1.3426e-10   1.0410e+01   1.2128e+05   9.5000e+01

  Column 7

   1.6000e+01

  Columns 1 through 6

   4.8000e+01   2.3191e-05   1.3116e-10   1.3973e+02   1.2128e+05   9.7000e+01

  Column 7

   1.6000e+01

  Columns 1 through 6

   4.9000e+01   2.1708e-05   1.2277e-10   3.1532e+00   1.2128e+05   9.9000e+01

  Column 7

   1.6000e+01

  Columns 1 through 6

   5.0000e+01   2.1444e-05   1.2128e-10   3.1184e+01   1.2128e+05   1.0100e+02

  Column 7

   1.6000e+01

  Columns 1 through 6

   5.1000e+01   1.9241e-05   1.0881e-10   2.0592e+02   1.2128e+05   1.0300e+02

  Column 7

   1.6000e+01

  Columns 1 through 6

   5.2000e+01   1.7257e-05   9.7596e-11   1.2416e+00   1.2128e+05   1.0500e+02

  Column 7

   1.6000e+01

Galerkin: Refinement: 4, Time to solve: 12.214970
Testing the galerkin solution
Getting solution: 50%
Getting solution: 100%

t =

  6x5 table

    refinements    iterGalerkin    timeGalerkin    errorGalerkin    solvingErrorGalerkin
    ___________    ____________    ____________    _____________    ____________________

    1.0000e+00      1.0000e+00      2.3541e-01      2.1736e-01           4.1903e-16     
    2.0000e+00      2.0000e+00      3.2131e-02      1.7981e-01           2.2090e-15     
    3.0000e+00      1.0000e+01      2.5091e-01      1.5929e-01           7.4818e-10     
    4.0000e+00      5.2000e+01      1.2215e+01      1.3767e-01           1.7257e-05     
    5.0000e+00      0.0000e+00      0.0000e+00      0.0000e+00           0.0000e+00     
    6.0000e+00      0.0000e+00      0.0000e+00      0.0000e+00           0.0000e+00     

Creating problem... Done!


Size of the time matrices: 32 x 32
Size of the space matrices: 32768 x 32768
Starting Galerkin
     iter        rel.res.   bckwrd er.res    sigma1      sigma2       dim(V)       dim(W)
  Columns 1 through 6

   1.0000e+00   5.1086e-01   7.3371e-07   1.0000e+00   1.0000e-02   3.0000e+00

  Column 7

   3.0000e+00

  Columns 1 through 6

   2.0000e+00   9.4033e-01   4.2091e-07   2.6715e-02   6.5071e+03   5.0000e+00

  Column 7

   5.0000e+00

  Columns 1 through 6

   3.0000e+00   4.1978e-01   8.9026e-08   3.4036e+01   5.1334e+01   7.0000e+00

  Column 7

   7.0000e+00

  Columns 1 through 6

   4.0000e+00   3.8728e-01   8.0172e-08   3.4197e+02   2.1294e+05   9.0000e+00

  Column 7

   9.0000e+00

  Columns 1 through 6

   5.0000e+00   1.9529e-01   3.5339e-08   4.9077e+00   7.7946e+02   1.1000e+01

  Column 7

   1.1000e+01

  Columns 1 through 6

   6.0000e+00   2.3765e-01   4.2871e-08   2.1627e-01   3.8000e+04   1.3000e+01

  Column 7

   1.3000e+01

  Columns 1 through 6

   7.0000e+00   2.2687e-01   4.0920e-08   1.7834e+02   1.2264e+06   1.5000e+01

  Column 7

   1.5000e+01

  Columns 1 through 6

   8.0000e+00   1.0844e-01   1.9534e-08   1.3309e+01   2.3064e+03   1.7000e+01

  Column 7

   1.7000e+01

  Columns 1 through 6

   9.0000e+00   5.2326e-02   9.4245e-09   4.5313e+02   8.7156e+04   1.9000e+01

  Column 7

   1.9000e+01

  Columns 1 through 6

   1.0000e+01   4.5363e-02   8.1703e-09   6.0652e+01   3.8397e+06   2.1000e+01

  Column 7

   2.1000e+01

  Columns 1 through 6

   1.1000e+01   3.8950e-02   7.0152e-09   2.3461e+00   1.6206e+04   2.3000e+01

  Column 7

   2.3000e+01

  Columns 1 through 6

   1.2000e+01   2.6606e-02   4.7918e-09   2.4898e+02   4.5134e+05   2.5000e+01

  Column 7

   2.5000e+01

  Columns 1 through 6

   1.3000e+01   2.1477e-02   3.8681e-09   2.0913e+01   2.3190e+02   2.7000e+01

  Column 7

   2.7000e+01

  Columns 1 through 6

   1.4000e+01   1.7564e-02   3.1634e-09   7.9880e+00   7.1319e+05   2.9000e+01

  Column 7

   2.9000e+01

  Columns 1 through 6

   1.5000e+01   1.2656e-02   2.2793e-09   4.8664e+02   1.3535e+05   3.1000e+01

  Column 7

   3.1000e+01

  Columns 1 through 6

   1.6000e+01   1.1919e-02   2.1466e-09   8.2230e-02   7.3940e+06   3.3000e+01

  Column 7

   3.2000e+01

  Columns 1 through 6

   1.7000e+01   1.1361e-02   2.0462e-09   1.2227e+02   2.1347e+06   3.5000e+01

  Column 7

   3.2000e+01

  Columns 1 through 6

   1.8000e+01   1.0050e-02   1.8100e-09   5.5714e-01   2.1347e+06   3.7000e+01

  Column 7

   3.2000e+01

  Columns 1 through 6

   1.9000e+01   9.8547e-03   1.7749e-09   7.8562e+01   2.1347e+06   3.9000e+01

  Column 7

   3.2000e+01

  Columns 1 through 6

   2.0000e+01   9.4498e-03   1.7020e-09   4.4090e+01   2.1347e+06   4.1000e+01

  Column 7

   3.2000e+01

  Columns 1 through 6

   2.1000e+01   7.1434e-03   1.2866e-09   3.4396e+00   2.1347e+06   4.3000e+01

  Column 7

   3.2000e+01

  Columns 1 through 6

   2.2000e+01   6.5467e-03   1.1791e-09   3.9745e+02   2.1347e+06   4.5000e+01

  Column 7

   3.2000e+01

  Columns 1 through 6

   2.3000e+01   6.0892e-03   1.0967e-09   1.0457e+01   2.1347e+06   4.7000e+01

  Column 7

   3.2000e+01

  Columns 1 through 6

   2.4000e+01   6.1208e-03   1.1024e-09   4.4849e-02   2.1347e+06   4.9000e+01

  Column 7

   3.2000e+01

  Columns 1 through 6

   2.5000e+01   5.7838e-03   1.0417e-09   2.1148e+02   2.1347e+06   5.1000e+01

  Column 7

   3.2000e+01

  Columns 1 through 6

   2.6000e+01   5.3366e-03   9.6115e-10   2.6649e+01   2.1347e+06   5.3000e+01

  Column 7

   3.2000e+01

  Columns 1 through 6

   2.7000e+01   5.1330e-03   9.2448e-10   4.9950e+02   2.1347e+06   5.5000e+01

  Column 7

   3.2000e+01

  Columns 1 through 6

   2.8000e+01   4.4301e-03   7.9788e-10   1.5135e+00   2.1347e+06   5.7000e+01

  Column 7

   3.2000e+01

  Columns 1 through 6

   2.9000e+01   4.3954e-03   7.9163e-10   1.4515e+02   2.1347e+06   5.9000e+01

  Column 7

   3.2000e+01

  Columns 1 through 6

   3.0000e+01   3.7735e-03   6.7962e-10   3.4944e-01   2.1347e+06   6.1000e+01

  Column 7

   3.2000e+01

  Columns 1 through 6

   3.1000e+01   3.4381e-03   6.1922e-10   2.9514e+02   2.1347e+06   6.3000e+01

  Column 7

   3.2000e+01

  Columns 1 through 6

   3.2000e+01   3.4373e-03   6.1907e-10   1.6817e+01   2.1347e+06   6.5000e+01

  Column 7

   3.2000e+01

  Columns 1 through 6

   3.3000e+01   3.4129e-03   6.1467e-10   5.2321e+01   2.1347e+06   6.7000e+01

  Column 7

   3.2000e+01

  Columns 1 through 6

   3.4000e+01   2.8522e-03   5.1369e-10   6.1739e+00   2.1347e+06   6.9000e+01

  Column 7

   3.2000e+01

  Columns 1 through 6

   3.5000e+01   2.7319e-03   4.9202e-10   9.1468e+01   2.1347e+06   7.1000e+01

  Column 7

   3.2000e+01

  Columns 1 through 6

   3.6000e+01   2.6974e-03   4.8581e-10   1.3399e-01   2.1347e+06   7.3000e+01

  Column 7

   3.2000e+01

  Columns 1 through 6

   3.7000e+01   2.3251e-03   4.1877e-10   4.2641e+02   2.1347e+06   7.5000e+01

  Column 7

   3.2000e+01

  Columns 1 through 6

   3.8000e+01   2.1728e-03   3.9133e-10   1.8966e+00   2.1347e+06   7.7000e+01

  Column 7

   3.2000e+01

  Columns 1 through 6

   3.9000e+01   2.1000e-03   3.7822e-10   1.6120e+02   2.1347e+06   7.9000e+01

  Column 7

   3.2000e+01

  Columns 1 through 6

   4.0000e+01   2.1254e-03   3.8279e-10   7.4374e-01   2.1347e+06   8.1000e+01

  Column 7

   3.2000e+01

  Columns 1 through 6

   4.1000e+01   1.9859e-03   3.5766e-10   3.8406e+01   2.1347e+06   8.3000e+01

  Column 7

   3.2000e+01

  Columns 1 through 6

   4.2000e+01   1.7703e-03   3.1884e-10   3.6711e+02   2.1347e+06   8.5000e+01

  Column 7

   3.2000e+01

  Columns 1 through 6

   4.3000e+01   1.6561e-03   2.9827e-10   3.2926e-02   2.1347e+06   8.7000e+01

  Column 7

   3.2000e+01

  Columns 1 through 6

   4.4000e+01   1.5762e-03   2.8389e-10   2.3563e+01   2.1347e+06   8.9000e+01

  Column 7

   3.2000e+01

  Columns 1 through 6

   4.5000e+01   1.5246e-03   2.7459e-10   1.0930e+02   2.1347e+06   9.1000e+01

  Column 7

   3.2000e+01

  Columns 1 through 6

   4.6000e+01   1.4480e-03   2.6078e-10   4.1108e+00   2.1347e+06   9.3000e+01

  Column 7

   3.2000e+01

  Columns 1 through 6

   4.7000e+01   1.3618e-03   2.4526e-10   5.0243e+02   2.1347e+06   9.5000e+01

  Column 7

   3.2000e+01

  Columns 1 through 6

   4.8000e+01   1.3520e-03   2.4350e-10   2.7794e-01   2.1347e+06   9.7000e+01

  Column 7

   3.2000e+01

  Columns 1 through 6

   4.9000e+01   1.3285e-03   2.3927e-10   6.8915e+01   2.1347e+06   9.9000e+01

  Column 7

   3.2000e+01

  Columns 1 through 6

   5.0000e+01   1.2946e-03   2.3317e-10   9.1996e+00   2.1347e+06   1.0100e+02

  Column 7

   3.2000e+01

  Columns 1 through 6

   5.1000e+01   1.2113e-03   2.1817e-10   2.7051e+02   2.1347e+06   1.0300e+02

  Column 7

   3.2000e+01

  Columns 1 through 6

   5.2000e+01   1.1916e-03   2.1462e-10   1.2293e+00   2.1347e+06   1.0500e+02

  Column 7

   3.2000e+01

  Columns 1 through 6

   5.3000e+01   1.1513e-03   2.0736e-10   1.5015e+01   2.1347e+06   1.0700e+02

  Column 7

   3.2000e+01

  Columns 1 through 6

   5.4000e+01   1.0927e-03   1.9681e-10   1.9589e+02   2.1347e+06   1.0900e+02

  Column 7

   3.2000e+01

  Columns 1 through 6

   5.5000e+01   1.0546e-03   1.8994e-10   2.8559e+00   2.1347e+06   1.1100e+02

  Column 7

   3.2000e+01

  Columns 1 through 6

   5.6000e+01   1.0461e-03   1.8841e-10   4.7096e+02   2.1347e+06   1.1300e+02

  Column 7

   3.2000e+01

  Columns 1 through 6

   5.7000e+01   9.7098e-04   1.7488e-10   3.0342e+01   2.1347e+06   1.1500e+02

  Column 7

   3.2000e+01

  Columns 1 through 6

   5.8000e+01   9.2826e-04   1.6718e-10   6.2328e-02   2.1347e+06   1.1700e+02

  Column 7

   3.2000e+01

  Columns 1 through 6

   5.9000e+01   8.1358e-04   1.4653e-10   1.3278e+02   2.1347e+06   1.1900e+02

  Column 7

   3.2000e+01

  Columns 1 through 6

   6.0000e+01   8.0409e-04   1.4482e-10   4.8288e+01   2.1347e+06   1.2100e+02

  Column 7

   3.2000e+01

  Columns 1 through 6

   6.1000e+01   7.7043e-04   1.3876e-10   4.5207e-01   2.1347e+06   1.2300e+02

  Column 7

   3.2000e+01

  Columns 1 through 6

   6.2000e+01   7.3487e-04   1.3235e-10   3.1837e+02   2.1347e+06   1.2500e+02

  Column 7

   3.2000e+01

  Columns 1 through 6

   6.3000e+01   6.9308e-04   1.2483e-10   6.9735e+00   2.1347e+06   1.2700e+02

  Column 7

   3.2000e+01

  Columns 1 through 6

   6.4000e+01   6.7894e-04   1.2228e-10   8.4598e+01   2.1347e+06   1.2900e+02

  Column 7

   3.2000e+01

  Columns 1 through 6

   6.5000e+01   6.7142e-04   1.2093e-10   2.3067e+02   2.1347e+06   1.3100e+02

  Column 7

   3.2000e+01

  Columns 1 through 6

   6.6000e+01   6.6293e-04   1.1940e-10   1.6783e-01   2.1347e+06   1.3300e+02

  Column 7

   3.2000e+01

  Columns 1 through 6

   6.7000e+01   6.6404e-04   1.1960e-10   1.8755e+01   2.1347e+06   1.3500e+02

  Column 7

   3.2000e+01

  Columns 1 through 6

   6.8000e+01   6.5494e-04   1.1796e-10   5.0466e+02   2.1347e+06   1.3700e+02

  Column 7

   3.2000e+01

  Columns 1 through 6

   6.9000e+01   6.4932e-04   1.1695e-10   5.4519e+00   2.1347e+06   1.3900e+02

  Column 7

   3.2000e+01

  Columns 1 through 6

   7.0000e+01   6.4079e-04   1.1541e-10   5.6791e+01   2.1347e+06   1.4100e+02

  Column 7

   3.2000e+01

  Columns 1 through 6

   7.1000e+01   6.2899e-04   1.1329e-10   8.6504e-01   2.1347e+06   1.4300e+02

  Column 7

   3.2000e+01

  Columns 1 through 6

   7.2000e+01   5.9912e-04   1.0790e-10   4.1191e+02   2.1347e+06   1.4500e+02

  Column 7

   3.2000e+01

  Columns 1 through 6

   7.3000e+01   5.8406e-04   1.0519e-10   1.1805e+01   2.1347e+06   1.4700e+02

  Column 7

   3.2000e+01

  Columns 1 through 6

   7.4000e+01   5.7539e-04   1.0363e-10   1.1539e+02   2.1347e+06   1.4900e+02

  Column 7

   3.2000e+01

  Columns 1 through 6

   7.5000e+01   5.5752e-04   1.0041e-10   2.1083e+00   2.1347e+06   1.5100e+02

  Column 7

   3.2000e+01

  Columns 1 through 6

   7.6000e+01   5.3717e-04   9.6747e-11   2.8277e+02   2.1347e+06   1.5300e+02

  Column 7

   3.2000e+01

Galerkin: Refinement: 5, Time to solve: 713.400650
Testing the galerkin solution
Getting solution: 50%
Getting solution: 100%

t =

  6x5 table

    refinements    iterGalerkin    timeGalerkin    errorGalerkin    solvingErrorGalerkin
    ___________    ____________    ____________    _____________    ____________________

    1.0000e+00      1.0000e+00      2.3541e-01      2.1736e-01           4.1903e-16     
    2.0000e+00      2.0000e+00      3.2131e-02      1.7981e-01           2.2090e-15     
    3.0000e+00      1.0000e+01      2.5091e-01      1.5929e-01           7.4818e-10     
    4.0000e+00      5.2000e+01      1.2215e+01      1.3767e-01           1.7257e-05     
    5.0000e+00      7.6000e+01      7.1340e+02      1.1695e-01           5.3717e-04     
    6.0000e+00      0.0000e+00      0.0000e+00      0.0000e+00           0.0000e+00     

Creating problem... Done!


Size of the time matrices: 64 x 64
Size of the space matrices: 262144 x 262144
Starting Galerkin
     iter        rel.res.   bckwrd er.res    sigma1      sigma2       dim(V)       dim(W)
  Columns 1 through 6

   1.0000e+00   5.2476e-01   2.6575e-08   1.0000e+00   1.0000e-02   3.0000e+00

  Column 7

   3.0000e+00

  Columns 1 through 6

   2.0000e+00   6.0029e-01   3.7555e-08   3.3691e-03   1.7209e+04   5.0000e+00

  Column 7

   5.0000e+00

  Columns 1 through 6

   3.0000e+00   7.0022e-01   4.8657e-09   1.6132e+01   7.2507e+01   7.0000e+00

  Column 7

   7.0000e+00

  Columns 1 through 6

   4.0000e+00   4.7248e-01   3.1063e-09   6.9938e-02   6.5384e+05   9.0000e+00

  Column 7

   9.0000e+00

  Columns 1 through 6

   5.0000e+00   2.1031e-01   1.2724e-09   7.7918e+02   8.3618e+02   1.1000e+01

  Column 7

   1.1000e+01

  Columns 1 through 6

   6.0000e+00   2.8722e-01   1.6456e-09   2.9631e-01   8.7910e+04   1.3000e+01

  Column 7

   1.3000e+01

  Columns 1 through 6

   7.0000e+00   4.2143e-01   2.3964e-09   2.3279e+02   8.3967e+00   1.5000e+01

  Column 7

   1.5000e+01

  Columns 1 through 6

   8.0000e+00   4.5605e-01   2.5925e-09   3.4270e+00   3.5869e+06   1.7000e+01

  Column 7

   1.7000e+01

  Columns 1 through 6

   9.0000e+00   1.2982e-01   7.3678e-10   1.8934e-02   4.5220e+03   1.9000e+01

  Column 7

   1.9000e+01

  Columns 1 through 6

   1.0000e+01   1.1198e-01   6.3526e-10   4.5371e+01   2.4004e+05   2.1000e+01

  Column 7

   2.1000e+01

  Columns 1 through 6

   1.1000e+01   8.0219e-02   4.5503e-10   7.0211e+00   1.6209e+06   2.3000e+01

  Column 7

   2.3000e+01

  Columns 1 through 6

   1.2000e+01   7.6829e-02   4.3579e-10   4.7955e+02   3.5814e+04   2.5000e+01

  Column 7

   2.5000e+01

  Columns 1 through 6

   1.3000e+01   8.6050e-02   4.8807e-10   1.4675e-01   7.5958e+06   2.7000e+01

  Column 7

   2.7000e+01

  Columns 1 through 6

   1.4000e+01   6.8793e-02   3.9018e-10   1.7265e+00   2.1990e+03   2.9000e+01

  Column 7

   2.9000e+01

  Columns 1 through 6

   1.5000e+01   7.6203e-02   4.3221e-10   7.5991e-03   3.9470e+05   3.1000e+01

  Column 7

   3.1000e+01

  Columns 1 through 6

   1.6000e+01   7.5712e-02   4.2943e-10   9.4861e+02   1.4066e+05   3.3000e+01

  Column 7

   3.3000e+01

  Columns 1 through 6

   1.7000e+01   7.2185e-02   4.0942e-10   2.7643e+01   5.3596e+06   3.5000e+01

  Column 7

   3.5000e+01

  Columns 1 through 6

   1.8000e+01   5.3886e-02   3.0563e-10   5.5372e-01   1.0539e+06   3.7000e+01

  Column 7

   3.7000e+01

  Columns 1 through 6

   1.9000e+01   5.0077e-02   2.8402e-10   1.4075e+02   1.0062e+04   3.9000e+01

  Column 7

   3.9000e+01

  Columns 1 through 6

   2.0000e+01   4.7585e-02   2.6988e-10   3.7981e-02   9.3995e+06   4.1000e+01

  Column 7

   4.1000e+01

  Columns 1 through 6

   2.1000e+01   4.0313e-02   2.2864e-10   7.1716e+01   2.3297e+06   4.3000e+01

  Column 7

   4.1000e+01

  Columns 1 through 6

   2.2000e+01   3.7539e-02   2.1291e-10   4.9432e+00   2.3297e+06   4.5000e+01

  Column 7

   4.3000e+01

  Columns 1 through 6

   2.3000e+01   3.8320e-02   2.1733e-10   3.4643e+02   5.8238e+04   4.7000e+01

  Column 7

   4.3000e+01

  Columns 1 through 6

   2.4000e+01   3.8736e-02   2.1969e-10   4.7951e-03   5.8238e+04   4.9000e+01

  Column 7

   4.3000e+01

  Columns 1 through 6

   2.5000e+01   3.8264e-02   2.1701e-10   4.0816e-01   5.8238e+04   5.1000e+01

  Column 7

   4.5000e+01

  Columns 1 through 6

   2.6000e+01   4.0305e-02   2.2859e-10   1.0769e+01   5.8019e+04   5.3000e+01

  Column 7

   4.5000e+01

  Columns 1 through 6

   2.7000e+01   4.0076e-02   2.2729e-10   1.0358e-01   5.8019e+04   5.5000e+01

  Column 7

   4.5000e+01

  Columns 1 through 6

   2.8000e+01   4.0422e-02   2.2925e-10   2.3647e+00   5.8019e+04   5.7000e+01

  Column 7

   4.7000e+01

  Columns 1 through 6

   2.9000e+01   3.7183e-02   2.1089e-10   6.3539e+02   5.0674e+05   5.9000e+01

  Column 7

   4.7000e+01

  Columns 1 through 6

   3.0000e+01   3.7959e-02   2.1529e-10   7.6356e-01   5.0674e+05   6.1000e+01

  Column 7

   4.7000e+01

  Columns 1 through 6

   3.1000e+01   3.6773e-02   2.0856e-10   3.5341e+01   5.0674e+05   6.3000e+01

  Column 7

   4.9000e+01

  Columns 1 through 6

   3.2000e+01   3.6179e-02   2.0519e-10   1.2731e-02   8.2474e+05   6.5000e+01

  Column 7

   4.9000e+01

  Columns 1 through 6

   3.3000e+01   3.6252e-02   2.0561e-10   9.8230e+02   8.2474e+05   6.7000e+01

  Column 7

   5.1000e+01

  Columns 1 through 6

   3.4000e+01   3.6979e-02   2.0972e-10   2.0696e-01   6.4791e+06   6.9000e+01

  Column 7

   5.3000e+01

  Columns 1 through 6

   3.5000e+01   3.1833e-02   1.8054e-10   1.7788e+02   6.4791e+06   7.1000e+01

  Column 7

   5.5000e+01

  Columns 1 through 6

   3.6000e+01   3.2058e-02   1.8182e-10   8.7384e+00   6.5064e+06   7.3000e+01

  Column 7

   5.7000e+01

  Columns 1 through 6

   3.7000e+01   3.1855e-02   1.8067e-10   5.0609e-02   8.5807e+06   7.5000e+01

  Column 7

   5.9000e+01

  Columns 1 through 6

   3.8000e+01   3.1585e-02   1.7913e-10   8.7375e+01   8.5807e+06   7.7000e+01

  Column 7

   6.1000e+01

  Columns 1 through 6

   3.9000e+01   2.7699e-02   1.5709e-10   1.3378e+00   8.6080e+06   7.9000e+01

  Column 7

   6.1000e+01

  Columns 1 through 6

   4.0000e+01   2.7351e-02   1.5512e-10   2.0671e+01   8.6080e+06   8.1000e+01

  Column 7

   6.1000e+01

  Columns 1 through 6

   4.1000e+01   2.6003e-02   1.4748e-10   2.6523e-02   8.6080e+06   8.3000e+01

  Column 7

   6.3000e+01

  Columns 1 through 6

   4.2000e+01   2.5049e-02   1.4206e-10   2.9008e+02   8.6080e+06   8.5000e+01

  Column 7

   6.4000e+01

  Columns 1 through 6

   4.3000e+01   2.4255e-02   1.3756e-10   2.8689e+00   8.6080e+06   8.7000e+01

  Column 7

   6.4000e+01

  Columns 1 through 6

   4.4000e+01   2.5429e-02   1.4422e-10   8.6359e+02   8.6080e+06   8.9000e+01

  Column 7

   6.4000e+01

  Columns 1 through 6

   4.5000e+01   2.3230e-02   1.3175e-10   2.4792e-01   8.6080e+06   9.1000e+01

  Column 7

   6.4000e+01

  Columns 1 through 6

   4.6000e+01   2.1726e-02   1.2322e-10   5.6404e+01   8.6080e+06   9.3000e+01

  Column 7

   6.4000e+01

  Columns 1 through 6

   4.7000e+01   2.1171e-02   1.2007e-10   3.8910e-03   8.6080e+06   9.5000e+01

  Column 7

   6.4000e+01

  Columns 1 through 6

   4.8000e+01   2.0585e-02   1.1674e-10   1.3250e+01   8.6080e+06   9.7000e+01

  Column 7

   6.4000e+01

  Columns 1 through 6

   4.9000e+01   1.8947e-02   1.0746e-10   4.1460e+02   8.6080e+06   9.9000e+01

  Column 7

   6.4000e+01

  Columns 1 through 6

   5.0000e+01   1.8679e-02   1.0594e-10   6.5283e-01   8.6080e+06   1.0100e+02

  Column 7

   6.4000e+01

  Columns 1 through 6

   5.1000e+01   1.8098e-02   1.0264e-10   1.1745e+02   8.6080e+06   1.0300e+02

  Column 7

   6.4000e+01

  Columns 1 through 6

   5.2000e+01   1.7672e-02   1.0023e-10   4.1810e+00   8.6080e+06   1.0500e+02

  Column 7

   6.4000e+01

  Columns 1 through 6

   5.3000e+01   1.7345e-02   9.8370e-11   8.6246e-02   8.6080e+06   1.0700e+02

  Column 7

   6.4000e+01

  Columns 1 through 6

   5.4000e+01   1.6095e-02   9.1284e-11   5.6300e+02   8.6080e+06   1.0900e+02

  Column 7

   6.4000e+01

  Columns 1 through 6

   5.5000e+01   1.6133e-02   9.1499e-11   1.1638e+00   8.6080e+06   1.1100e+02

  Column 7

   6.4000e+01

  Columns 1 through 6

   5.6000e+01   1.5951e-02   9.0465e-11   2.3946e+01   8.6080e+06   1.1300e+02

  Column 7

   6.4000e+01

  Columns 1 through 6

   5.7000e+01   1.5791e-02   8.9556e-11   9.9685e-03   8.6080e+06   1.1500e+02

  Column 7

   6.4000e+01

  Columns 1 through 6

   5.8000e+01   1.5814e-02   8.9688e-11   1.0004e+03   8.6080e+06   1.1700e+02

  Column 7

   6.4000e+01

  Columns 1 through 6

   5.9000e+01   1.5662e-02   8.8828e-11   5.9257e+00   8.6080e+06   1.1900e+02

  Column 7

   6.4000e+01

  Columns 1 through 6

   6.0000e+01   1.5616e-02   8.8565e-11   3.5170e-01   8.6080e+06   1.2100e+02

  Column 7

   6.4000e+01

  Columns 1 through 6

   6.1000e+01   1.5495e-02   8.7878e-11   2.0216e+02   8.6080e+06   1.2300e+02

  Column 7

   6.4000e+01

  Columns 1 through 6

   6.2000e+01   1.5132e-02   8.5819e-11   2.0079e+00   8.6080e+06   1.2500e+02

  Column 7

   6.4000e+01

  Columns 1 through 6

   6.3000e+01   1.4667e-02   8.3181e-11   1.2555e-01   8.6080e+06   1.2700e+02

  Column 7

   6.4000e+01

  Columns 1 through 6

   6.4000e+01   1.4719e-02   8.3476e-11   4.0235e+01   8.6080e+06   1.2900e+02

  Column 7

   6.4000e+01

  Columns 1 through 6

   6.5000e+01   1.4661e-02   8.3147e-11   7.0643e+02   8.6080e+06   1.3100e+02

  Column 7

   6.4000e+01

  Columns 1 through 6

   6.6000e+01   1.4640e-02   8.3030e-11   3.1876e-02   8.6080e+06   1.3300e+02

  Column 7

   6.4000e+01

  Columns 1 through 6

   6.7000e+01   1.4156e-02   8.0283e-11   6.3900e+01   8.6080e+06   1.3500e+02

  Column 7

   6.4000e+01

  Columns 1 through 6

   6.8000e+01   1.4136e-02   8.0170e-11   9.7007e+00   8.6080e+06   1.3700e+02

  Column 7

   6.4000e+01

  Columns 1 through 6

   6.9000e+01   1.2685e-02   7.1943e-11   2.6140e+02   8.6080e+06   1.3900e+02

  Column 7

   6.4000e+01

  Columns 1 through 6

   7.0000e+01   1.2307e-02   6.9797e-11   4.7954e-01   8.6080e+06   1.4100e+02

  Column 7

   6.4000e+01

  Columns 1 through 6

   7.1000e+01   1.1984e-02   6.7969e-11   1.8158e+01   8.6080e+06   1.4300e+02

  Column 7

   6.4000e+01

  Columns 1 through 6

   7.2000e+01   1.1472e-02   6.5066e-11   1.5617e+02   8.6080e+06   1.4500e+02

  Column 7

   6.4000e+01

  Columns 1 through 6

   7.3000e+01   1.1015e-02   6.2474e-11   1.7509e-01   8.6080e+06   1.4700e+02

  Column 7

   6.4000e+01

  Columns 1 through 6

   7.4000e+01   1.0543e-02   5.9795e-11   1.5287e+00   8.6080e+06   1.4900e+02

  Column 7

   6.4000e+01

