
                            < M A T L A B (R) >
                  Copyright 1984-2020 The MathWorks, Inc.
                  R2020a (9.8.0.1323502) 64-bit (glnxa64)
                             February 25, 2020

 
To get started, type doc.
For product information, visit www.mathworks.com.
 
Creating problem... Done!


Size of the time matrices: 2 x 2
Size of the space matrices: 8 x 8
Starting CG lyaponov
pcg (lyap)

Dim space: 8 time: 2 .  CG its 2  backward error 5.915867e-17
Refinement: 1, Time to solve: 0.563972
Testing the cg_lyap solution
Getting solution: 25%
Getting solution: 50%
Getting solution: 75%
Getting solution: 100%

t =

  6x5 table

    refinements    iterCGlyap    timeCGlyap    errorCGlyap    solvingErrorCGlyap
    ___________    __________    __________    ___________    __________________

         1             2          0.56397        0.21736          9.3026e-16    
         2             0                0              0                   0    
         3             0                0              0                   0    
         4             0                0              0                   0    
         5             0                0              0                   0    
         6             0                0              0                   0    

Creating problem... Done!


Size of the time matrices: 4 x 4
Size of the space matrices: 64 x 64
Starting CG lyaponov
pcg (lyap)

Dim space: 64 time: 4 .  CG its 16  backward error 1.085052e-13
Refinement: 2, Time to solve: 0.090299
Testing the cg_lyap solution
Getting solution: 50%
Getting solution: 100%

t =

  6x5 table

    refinements    iterCGlyap    timeCGlyap    errorCGlyap    solvingErrorCGlyap
    ___________    __________    __________    ___________    __________________

         1              2          0.56397       0.21736          9.3026e-16    
         2             16         0.090299       0.17981          1.2919e-11    
         3              0                0             0                   0    
         4              0                0             0                   0    
         5              0                0             0                   0    
         6              0                0             0                   0    

Creating problem... Done!


Size of the time matrices: 8 x 8
Size of the space matrices: 512 x 512
Starting CG lyaponov
pcg (lyap)

Dim space: 512 time: 8 .  CG its 27  backward error 9.730521e-11
Refinement: 3, Time to solve: 0.394330
Testing the cg_lyap solution
Getting solution: 50%
Getting solution: 100%

t =

  6x5 table

    refinements    iterCGlyap    timeCGlyap    errorCGlyap    solvingErrorCGlyap
    ___________    __________    __________    ___________    __________________

         1              2          0.56397       0.21736          9.3026e-16    
         2             16         0.090299       0.17981          1.2919e-11    
         3             27          0.39433       0.15929           2.022e-07    
         4              0                0             0                   0    
         5              0                0             0                   0    
         6              0                0             0                   0    

Creating problem... Done!


Size of the time matrices: 16 x 16
Size of the space matrices: 4096 x 4096
Starting CG lyaponov
pcg (lyap)

Dim space: 4096 time: 16 .  CG its 33  backward error 9.700558e-11
Refinement: 4, Time to solve: 87.083123
Testing the cg_lyap solution
Getting solution: 50%
Getting solution: 100%

t =

  6x5 table

    refinements    iterCGlyap    timeCGlyap    errorCGlyap    solvingErrorCGlyap
    ___________    __________    __________    ___________    __________________

         1              2          0.56397       0.21736          9.3026e-16    
         2             16         0.090299       0.17981          1.2919e-11    
         3             27          0.39433       0.15929           2.022e-07    
         4             33           87.083       0.13767          4.4764e-06    
         5              0                0             0                   0    
         6              0                0             0                   0    

Creating problem... Done!


Size of the time matrices: 32 x 32
Size of the space matrices: 32768 x 32768
Starting CG lyaponov
