
                            < M A T L A B (R) >
                  Copyright 1984-2020 The MathWorks, Inc.
                  R2020a (9.8.0.1323502) 64-bit (glnxa64)
                             February 25, 2020

 
To get started, type doc.
For product information, visit www.mathworks.com.
 
Creating problem... Done!


Size of the time matrices: 2 x 2
Size of the space matrices: 8 x 8
Starting CG lyaponov
pcg (lyap)

Dim space: 8 time: 2 .  CG its 2  backward error 1.091573e-17
Refinement: 1, Time to solve: 0.171447
Testing the cg_lyap solution
Getting solution: 25%
Getting solution: 50%
Getting solution: 75%
Getting solution: 100%

t =

  6x5 table

    refinements    iterCGlyap    timeCGlyap    errorCGlyap    solvingErrorCGlyap
    ___________    __________    __________    ___________    __________________

         1             2          0.17145        0.15709          2.5389e-16    
         2             0                0              0                   0    
         3             0                0              0                   0    
         4             0                0              0                   0    
         5             0                0              0                   0    
         6             0                0              0                   0    

Creating problem... Done!


Size of the time matrices: 4 x 4
Size of the space matrices: 64 x 64
Starting CG lyaponov
pcg (lyap)

Dim space: 64 time: 4 .  CG its 4  backward error 4.606844e-17
Refinement: 2, Time to solve: 0.038682
Testing the cg_lyap solution
Getting solution: 50%
Getting solution: 100%

t =

  6x5 table

    refinements    iterCGlyap    timeCGlyap    errorCGlyap    solvingErrorCGlyap
    ___________    __________    __________    ___________    __________________

         1             2           0.17145       0.15709          2.5389e-16    
         2             4          0.038682       0.12134          3.1167e-15    
         3             0                 0             0                   0    
         4             0                 0             0                   0    
         5             0                 0             0                   0    
         6             0                 0             0                   0    

Creating problem... Done!


Size of the time matrices: 8 x 8
Size of the space matrices: 512 x 512
Starting CG lyaponov
pcg (lyap)

Dim space: 512 time: 8 .  CG its 8  backward error 1.597652e-14
Refinement: 3, Time to solve: 0.276309
Testing the cg_lyap solution
Getting solution: 50%
Getting solution: 100%

t =

  6x5 table

    refinements    iterCGlyap    timeCGlyap    errorCGlyap    solvingErrorCGlyap
    ___________    __________    __________    ___________    __________________

         1             2           0.17145       0.15709          2.5389e-16    
         2             4          0.038682       0.12134          3.1167e-15    
         3             8           0.27631      0.076241          1.0909e-11    
         4             0                 0             0                   0    
         5             0                 0             0                   0    
         6             0                 0             0                   0    

Creating problem... Done!


Size of the time matrices: 16 x 16
Size of the space matrices: 4096 x 4096
Starting CG lyaponov
pcg (lyap)

Dim space: 4096 time: 16 .  CG its 14  backward error 5.235536e-12
Refinement: 4, Time to solve: 79.149604
Testing the cg_lyap solution
Getting solution: 50%
Getting solution: 100%

t =

  6x5 table

    refinements    iterCGlyap    timeCGlyap    errorCGlyap    solvingErrorCGlyap
    ___________    __________    __________    ___________    __________________

         1              2          0.17145       0.15709          2.5389e-16    
         2              4         0.038682       0.12134          3.1167e-15    
         3              8          0.27631      0.076241          1.0909e-11    
         4             14            79.15       0.04703          1.6266e-07    
         5              0                0             0                   0    
         6              0                0             0                   0    

Creating problem... Done!


Size of the time matrices: 32 x 32
Size of the space matrices: 32768 x 32768
Starting CG lyaponov
