
                            < M A T L A B (R) >
                  Copyright 1984-2020 The MathWorks, Inc.
                  R2020a (9.8.0.1323502) 64-bit (glnxa64)
                             February 25, 2020

 
To get started, type doc.
For product information, visit www.mathworks.com.
 
Creating problem... Done!


Size of the time matrices: 2 x 2
Size of the space matrices: 8 x 8
Starting CG optimal
pcg (optimal)

Dim space: 8 time: 2 .  CG its 2  backward error 1.899927e-16
Refinement: 1, Time to solve: 1.240667
Testing the cg_opt solution
Getting solution: 25%
Getting solution: 50%
Getting solution: 75%
Getting solution: 100%

t =

  6x5 table

    refinements    iterCGopt    timeCGopt    errorCGopt    solvingErrorCGopt
    ___________    _________    _________    __________    _________________

         1             2         1.2407       0.21736         3.6599e-15    
         2             0              0             0                  0    
         3             0              0             0                  0    
         4             0              0             0                  0    
         5             0              0             0                  0    
         6             0              0             0                  0    

Creating problem... Done!


Size of the time matrices: 4 x 4
Size of the space matrices: 64 x 64
Starting CG optimal
pcg (optimal)

Dim space: 64 time: 4 .  CG its 16  backward error 9.872983e-18
Refinement: 2, Time to solve: 0.150620
Testing the cg_opt solution
Getting solution: 50%
Getting solution: 100%

t =

  6x5 table

    refinements    iterCGopt    timeCGopt    errorCGopt    solvingErrorCGopt
    ___________    _________    _________    __________    _________________

         1             2          1.2407      0.21736         3.6599e-15    
         2            16         0.15062      0.17981         1.3488e-15    
         3             0               0            0                  0    
         4             0               0            0                  0    
         5             0               0            0                  0    
         6             0               0            0                  0    

Creating problem... Done!


Size of the time matrices: 8 x 8
Size of the space matrices: 512 x 512
Starting CG optimal
pcg (optimal)

Dim space: 512 time: 8 .  CG its 27  backward error 7.361938e-11
Refinement: 3, Time to solve: 2.254418
Testing the cg_opt solution
Getting solution: 50%
Getting solution: 100%

t =

  6x5 table

    refinements    iterCGopt    timeCGopt    errorCGopt    solvingErrorCGopt
    ___________    _________    _________    __________    _________________

         1             2          1.2407      0.21736         3.6599e-15    
         2            16         0.15062      0.17981         1.3488e-15    
         3            27          2.2544      0.15929         1.5298e-07    
         4             0               0            0                  0    
         5             0               0            0                  0    
         6             0               0            0                  0    

Creating problem... Done!


Size of the time matrices: 16 x 16
Size of the space matrices: 4096 x 4096
Starting CG optimal
pcg (optimal)

Dim space: 4096 time: 16 .  CG its 21  backward error 8.339975e-11
Refinement: 4, Time to solve: 363.832127
Testing the cg_opt solution
Getting solution: 50%
Getting solution: 100%

t =

  6x5 table

    refinements    iterCGopt    timeCGopt    errorCGopt    solvingErrorCGopt
    ___________    _________    _________    __________    _________________

         1             2          1.2407      0.21736         3.6599e-15    
         2            16         0.15062      0.17981         1.3488e-15    
         3            27          2.2544      0.15929         1.5298e-07    
         4            21          363.83      0.13767         3.8485e-06    
         5             0               0            0                  0    
         6             0               0            0                  0    

Creating problem... Done!


Size of the time matrices: 32 x 32
Size of the space matrices: 32768 x 32768
Starting CG optimal
