
                            < M A T L A B (R) >
                  Copyright 1984-2020 The MathWorks, Inc.
                  R2020a (9.8.0.1323502) 64-bit (glnxa64)
                             February 25, 2020

 
To get started, type doc.
For product information, visit www.mathworks.com.
 
Creating problem... Done!


Size of the time matrices: 2 x 2
Size of the space matrices: 8 x 8
Starting CG optimal
pcg (optimal)

Dim space: 8 time: 2 .  CG its 2  backward error 1.028886e-16
Refinement: 1, Time to solve: 2.838915
Testing the cg_opt solution
Getting solution: 25%
Getting solution: 50%
Getting solution: 75%
Getting solution: 100%

t =

  6x5 table

    refinements    iterCGopt    timeCGopt    errorCGopt    solvingErrorCGopt
    ___________    _________    _________    __________    _________________

         1             2         2.8389       0.21736         2.0384e-15    
         2             0              0             0                  0    
         3             0              0             0                  0    
         4             0              0             0                  0    
         5             0              0             0                  0    
         6             0              0             0                  0    

Creating problem... Done!


Size of the time matrices: 4 x 4
Size of the space matrices: 64 x 64
Starting CG optimal
pcg (optimal)

Dim space: 64 time: 4 .  CG its 16  backward error 8.701205e-13
Refinement: 2, Time to solve: 0.644381
Testing the cg_opt solution
Getting solution: 50%
Getting solution: 100%

t =

  6x5 table

    refinements    iterCGopt    timeCGopt    errorCGopt    solvingErrorCGopt
    ___________    _________    _________    __________    _________________

         1             2          2.8389      0.21736         2.0384e-15    
         2            16         0.64438      0.17981          1.036e-10    
         3             0               0            0                  0    
         4             0               0            0                  0    
         5             0               0            0                  0    
         6             0               0            0                  0    

Creating problem... Done!


Size of the time matrices: 8 x 8
Size of the space matrices: 512 x 512
Starting CG optimal
pcg (optimal)

Dim space: 512 time: 8 .  CG its 1000  backward error 8.380908e-08
Refinement: 3, Time to solve: 176.763394
Testing the cg_opt solution
Getting solution: 50%
Getting solution: 100%

t =

  6x5 table

    refinements    iterCGopt    timeCGopt    errorCGopt    solvingErrorCGopt
    ___________    _________    _________    __________    _________________

         1              2         2.8389      0.21736         2.0384e-15    
         2             16        0.64438      0.17981          1.036e-10    
         3           1000         176.76      0.15929         0.00017416    
         4              0              0            0                  0    
         5              0              0            0                  0    
         6              0              0            0                  0    

Creating problem... Done!


Size of the time matrices: 16 x 16
Size of the space matrices: 4096 x 4096
Starting CG optimal
pcg (optimal)

Dim space: 4096 time: 16 .  CG its 1000  backward error 2.589879e-06
Refinement: 4, Time to solve: 3566.618365
Testing the cg_opt solution
Getting solution: 50%
Getting solution: 100%

t =

  6x5 table

    refinements    iterCGopt    timeCGopt    errorCGopt    solvingErrorCGopt
    ___________    _________    _________    __________    _________________

         1              2         2.8389      0.21736         2.0384e-15    
         2             16        0.64438      0.17981          1.036e-10    
         3           1000         176.76      0.15929         0.00017416    
         4           1000         3566.6      0.13872            0.12772    
         5              0              0            0                  0    
         6              0              0            0                  0    

Creating problem... Done!


Size of the time matrices: 32 x 32
Size of the space matrices: 32768 x 32768
Starting CG optimal
