
                            < M A T L A B (R) >
                  Copyright 1984-2020 The MathWorks, Inc.
                  R2020a (9.8.0.1323502) 64-bit (glnxa64)
                             February 25, 2020

 
To get started, type doc.
For product information, visit www.mathworks.com.
 
Creating problem... Done!


Size of the time matrices: 2 x 2
Size of the space matrices: 8 x 8
Starting CG optimal
pcg (optimal)

Dim space: 8 time: 2 .  CG its 2  backward error 2.471044e-16
Refinement: 1, Time to solve: 1.003144
Testing the cg_opt solution
Getting solution: 25%
Getting solution: 50%
Getting solution: 75%
Getting solution: 100%

t =

  6x5 table

    refinements    iterCGopt    timeCGopt    errorCGopt    solvingErrorCGopt
    ___________    _________    _________    __________    _________________

         1             2         1.0031       0.01021         4.7535e-15    
         2             0              0             0                  0    
         3             0              0             0                  0    
         4             0              0             0                  0    
         5             0              0             0                  0    
         6             0              0             0                  0    

Creating problem... Done!


Size of the time matrices: 4 x 4
Size of the space matrices: 64 x 64
Starting CG optimal
pcg (optimal)

Dim space: 64 time: 4 .  CG its 15  backward error 3.884685e-11
Refinement: 2, Time to solve: 0.158455
Testing the cg_opt solution
Getting solution: 50%
Getting solution: 100%

t =

  6x5 table

    refinements    iterCGopt    timeCGopt    errorCGopt    solvingErrorCGopt
    ___________    _________    _________    __________    _________________

         1             2          1.0031       0.01021        4.7535e-15    
         2            15         0.15846     0.0086287        4.4976e-09    
         3             0               0             0                 0    
         4             0               0             0                 0    
         5             0               0             0                 0    
         6             0               0             0                 0    

Creating problem... Done!


Size of the time matrices: 8 x 8
Size of the space matrices: 512 x 512
Starting CG optimal
pcg (optimal)

Dim space: 512 time: 8 .  CG its 21  backward error 8.248839e-11
Refinement: 3, Time to solve: 1.844717
Testing the cg_opt solution
Getting solution: 50%
Getting solution: 100%

t =

  6x5 table

    refinements    iterCGopt    timeCGopt    errorCGopt    solvingErrorCGopt
    ___________    _________    _________    __________    _________________

         1             2          1.0031       0.01021        4.7535e-15    
         2            15         0.15846     0.0086287        4.4976e-09    
         3            21          1.8447      0.005835        1.9257e-07    
         4             0               0             0                 0    
         5             0               0             0                 0    
         6             0               0             0                 0    

Creating problem... Done!


Size of the time matrices: 16 x 16
Size of the space matrices: 4096 x 4096
Starting CG optimal
pcg (optimal)

Dim space: 4096 time: 16 .  CG its 16  backward error 7.102676e-11
Refinement: 4, Time to solve: 311.757583
Testing the cg_opt solution
Getting solution: 50%
Getting solution: 100%

t =

  6x5 table

    refinements    iterCGopt    timeCGopt    errorCGopt    solvingErrorCGopt
    ___________    _________    _________    __________    _________________

         1             2          1.0031       0.01021        4.7535e-15    
         2            15         0.15846     0.0086287        4.4976e-09    
         3            21          1.8447      0.005835        1.9257e-07    
         4            16          311.76     0.0035442        3.8872e-06    
         5             0               0             0                 0    
         6             0               0             0                 0    

Creating problem... Done!


Size of the time matrices: 32 x 32
Size of the space matrices: 32768 x 32768
Starting CG optimal
