
                            < M A T L A B (R) >
                  Copyright 1984-2020 The MathWorks, Inc.
                  R2020a (9.8.0.1323502) 64-bit (glnxa64)
                             February 25, 2020

 
To get started, type doc.
For product information, visit www.mathworks.com.
 
Creating problem... Done!


Size of the time matrices: 2 x 2
Size of the space matrices: 8 x 8
Starting CG optimal
pcg (optimal)

Dim space: 8 time: 2 .  CG its 2  backward error 1.001849e-16
Refinement: 1, Time to solve: 0.384050
Testing the cg_opt solution
Getting solution: 25%
Getting solution: 50%
Getting solution: 75%
Getting solution: 100%

t =

  6x5 table

    refinements    iterCGopt    timeCGopt    errorCGopt    solvingErrorCGopt
    ___________    _________    _________    __________    _________________

         1             2         0.38405      0.15709         2.1512e-15    
         2             0               0            0                  0    
         3             0               0            0                  0    
         4             0               0            0                  0    
         5             0               0            0                  0    
         6             0               0            0                  0    

Creating problem... Done!


Size of the time matrices: 4 x 4
Size of the space matrices: 64 x 64
Starting CG optimal
pcg (optimal)

Dim space: 64 time: 4 .  CG its 4  backward error 5.655468e-16
Refinement: 2, Time to solve: 0.194629
Testing the cg_opt solution
Getting solution: 50%
Getting solution: 100%

t =

  6x5 table

    refinements    iterCGopt    timeCGopt    errorCGopt    solvingErrorCGopt
    ___________    _________    _________    __________    _________________

         1             2         0.38405      0.15709         2.1512e-15    
         2             4         0.19463      0.12134         3.8066e-14    
         3             0               0            0                  0    
         4             0               0            0                  0    
         5             0               0            0                  0    
         6             0               0            0                  0    

Creating problem... Done!


Size of the time matrices: 8 x 8
Size of the space matrices: 512 x 512
Starting CG optimal
pcg (optimal)

Dim space: 512 time: 8 .  CG its 8  backward error 1.332562e-13
Refinement: 3, Time to solve: 2.154328
Testing the cg_opt solution
Getting solution: 50%
Getting solution: 100%

t =

  6x5 table

    refinements    iterCGopt    timeCGopt    errorCGopt    solvingErrorCGopt
    ___________    _________    _________    __________    _________________

         1             2         0.38405       0.15709        2.1512e-15    
         2             4         0.19463       0.12134        3.8066e-14    
         3             8          2.1543      0.076241        9.0989e-11    
         4             0               0             0                 0    
         5             0               0             0                 0    
         6             0               0             0                 0    

Creating problem... Done!


Size of the time matrices: 16 x 16
Size of the space matrices: 4096 x 4096
Starting CG optimal
pcg (optimal)

Dim space: 4096 time: 16 .  CG its 11  backward error 8.433242e-11
Refinement: 4, Time to solve: 8.985141
Testing the cg_opt solution
Getting solution: 50%
Getting solution: 100%

t =

  6x5 table

    refinements    iterCGopt    timeCGopt    errorCGopt    solvingErrorCGopt
    ___________    _________    _________    __________    _________________

         1             2         0.38405       0.15709        2.1512e-15    
         2             4         0.19463       0.12134        3.8066e-14    
         3             8          2.1543      0.076241        9.0989e-11    
         4            11          8.9851       0.04703          2.62e-06    
         5             0               0             0                 0    
         6             0               0             0                 0    

Creating problem... Done!


Size of the time matrices: 32 x 32
Size of the space matrices: 32768 x 32768
Starting CG optimal
pcg (optimal)

Dim space: 32768 time: 32 .  CG its 8  backward error 1.669669e-11
Refinement: 5, Time to solve: 269.226471
Testing the cg_opt solution
Getting solution: 50%
Getting solution: 100%

t =

  6x5 table

    refinements    iterCGopt    timeCGopt    errorCGopt    solvingErrorCGopt
    ___________    _________    _________    __________    _________________

         1             2         0.38405       0.15709        2.1512e-15    
         2             4         0.19463       0.12134        3.8066e-14    
         3             8          2.1543      0.076241        9.0989e-11    
         4            11          8.9851       0.04703          2.62e-06    
         5             8          269.23      0.027566        3.3691e-05    
         6             0               0             0                 0    

Creating problem... Done!


Size of the time matrices: 64 x 64
Size of the space matrices: 262144 x 262144
Starting CG optimal
pcg (optimal)

Dim space: 262144 time: 64 .  CG its 6  backward error 7.949819e-13
Refinement: 6, Time to solve: 15187.122781
Testing the cg_opt solution
Getting solution: 50%
Getting solution: 100%

t =

  6x5 table

    refinements    iterCGopt    timeCGopt    errorCGopt    solvingErrorCGopt
    ___________    _________    _________    __________    _________________

         1             2         0.38405       0.15709        2.1512e-15    
         2             4         0.19463       0.12134        3.8066e-14    
         3             8          2.1543      0.076241        9.0989e-11    
         4            11          8.9851       0.04703          2.62e-06    
         5             8          269.23      0.027566        3.3691e-05    
         6             6           15187      0.017089        0.00010473    

