
                            < M A T L A B (R) >
                  Copyright 1984-2020 The MathWorks, Inc.
                  R2020a (9.8.0.1323502) 64-bit (glnxa64)
                             February 25, 2020

 
To get started, type doc.
For product information, visit www.mathworks.com.
 
#######################################
Space refinement: 1
#######################################
Calculating matrices... Done.
Calculating rhs... Done.
Calculating u0 and u1... Done.
Time stepping...pcg converged at iteration 1 to a solution with relative residual 1.9e-16.
 Done.
Get the solution...Elapsed time is 0.241361 seconds.
 Done.

t =

  6x3 table

    refinements    times     l2error
    ___________    ______    _______

         1         2.1327    0.17428
         2              0          0
         3              0          0
         4              0          0
         5              0          0
         6              0          0

#######################################
Space refinement: 2
#######################################
Calculating matrices... Done.
Calculating rhs... Done.
Calculating u0 and u1... Done.
Time stepping...pcg converged at iteration 4 to a solution with relative residual 1.3e-13.
Timestep 3 / 4
Time stepping progress: 75.00%
Timestep 4 / 4
Time stepping progress: 100.00%
 Done.
Get the solution...Elapsed time is 0.807824 seconds.
 Done.

t =

  6x3 table

    refinements     times      l2error
    ___________    ________    _______

         1           2.1327    0.17428
         2         0.070582     0.0127
         3                0          0
         4                0          0
         5                0          0
         6                0          0

#######################################
Space refinement: 3
#######################################
Calculating matrices... Done.
Calculating rhs... Done.
Calculating u0 and u1... Done.
Time stepping...pcg converged at iteration 13 to a solution with relative residual 6.1e-07.
Timestep 3 / 8
Timestep 4 / 8
Time stepping progress: 50.00%
Timestep 5 / 8
Timestep 6 / 8
Time stepping progress: 75.00%
Timestep 7 / 8
Timestep 8 / 8
Time stepping progress: 100.00%
 Done.
Get the solution...Elapsed time is 2.316722 seconds.
 Done.

t =

  6x3 table

    refinements     times       l2error 
    ___________    ________    _________

         1           2.1327      0.17428
         2         0.070582       0.0127
         3         0.025624    0.0035272
         4                0            0
         5                0            0
         6                0            0

#######################################
Space refinement: 4
#######################################
Calculating matrices... Done.
Calculating rhs... Done.
Calculating u0 and u1... Done.
Time stepping...pcg converged at iteration 16 to a solution with relative residual 7.6e-07.
Timestep 3 / 16
Timestep 4 / 16
Time stepping progress: 25.00%
Timestep 5 / 16
Timestep 6 / 16
Timestep 7 / 16
Timestep 8 / 16
Time stepping progress: 50.00%
Timestep 9 / 16
Timestep 10 / 16
Timestep 11 / 16
Timestep 12 / 16
Time stepping progress: 75.00%
Timestep 13 / 16
Timestep 14 / 16
Timestep 15 / 16
Timestep 16 / 16
Time stepping progress: 100.00%
 Done.
Get the solution...Elapsed time is 6.518920 seconds.
 Done.

t =

  6x3 table

    refinements     times       l2error 
    ___________    ________    _________

         1           2.1327      0.17428
         2         0.070582       0.0127
         3         0.025624    0.0035272
         4          0.37673    0.0015135
         5                0            0
         6                0            0

#######################################
Space refinement: 5
#######################################
Calculating matrices... Done.
Calculating rhs... Done.
Calculating u0 and u1... Done.
Time stepping...pcg converged at iteration 13 to a solution with relative residual 8.4e-07.
Timestep 3 / 32
Timestep 4 / 32
Timestep 5 / 32
Timestep 6 / 32
Timestep 7 / 32
Timestep 8 / 32
Time stepping progress: 25.00%
Timestep 9 / 32
Timestep 10 / 32
Timestep 11 / 32
Timestep 12 / 32
Timestep 13 / 32
Timestep 14 / 32
Timestep 15 / 32
Timestep 16 / 32
Time stepping progress: 50.00%
Timestep 17 / 32
Timestep 18 / 32
Timestep 19 / 32
Timestep 20 / 32
Timestep 21 / 32
Timestep 22 / 32
Timestep 23 / 32
Timestep 24 / 32
Time stepping progress: 75.00%
Timestep 25 / 32
Timestep 26 / 32
Timestep 27 / 32
Timestep 28 / 32
Timestep 29 / 32
Timestep 30 / 32
Timestep 31 / 32
Timestep 32 / 32
Time stepping progress: 100.00%
 Done.
Get the solution...Elapsed time is 18.208062 seconds.
 Done.

t =

  6x3 table

    refinements     times       l2error  
    ___________    ________    __________

         1           2.1327       0.17428
         2         0.070582        0.0127
         3         0.025624     0.0035272
         4          0.37673     0.0015135
         5           3.7615    0.00070011
         6                0             0

#######################################
Space refinement: 6
#######################################
Calculating matrices... Done.
Calculating rhs... Done.
Calculating u0 and u1... Done.
Time stepping...pcg converged at iteration 11 to a solution with relative residual 7.6e-07.
Timestep 3 / 64
Timestep 4 / 64
Timestep 5 / 64
Timestep 6 / 64
Timestep 7 / 64
Timestep 8 / 64
Timestep 9 / 64
Timestep 10 / 64
Timestep 11 / 64
Timestep 12 / 64
Timestep 13 / 64
Timestep 14 / 64
Timestep 15 / 64
Timestep 16 / 64
Time stepping progress: 25.00%
Timestep 17 / 64
Timestep 18 / 64
Timestep 19 / 64
Timestep 20 / 64
Timestep 21 / 64
Timestep 22 / 64
Timestep 23 / 64
Timestep 24 / 64
Timestep 25 / 64
Timestep 26 / 64
Timestep 27 / 64
Timestep 28 / 64
Timestep 29 / 64
Timestep 30 / 64
Timestep 31 / 64
Timestep 32 / 64
Time stepping progress: 50.00%
Timestep 33 / 64
Timestep 34 / 64
Timestep 35 / 64
Timestep 36 / 64
Timestep 37 / 64
Timestep 38 / 64
Timestep 39 / 64
Timestep 40 / 64
Timestep 41 / 64
Timestep 42 / 64
Timestep 43 / 64
Timestep 44 / 64
Timestep 45 / 64
Timestep 46 / 64
Timestep 47 / 64
Timestep 48 / 64
Time stepping progress: 75.00%
Timestep 49 / 64
Timestep 50 / 64
Timestep 51 / 64
Timestep 52 / 64
Timestep 53 / 64
Timestep 54 / 64
Timestep 55 / 64
Timestep 56 / 64
Timestep 57 / 64
Timestep 58 / 64
Timestep 59 / 64
Timestep 60 / 64
Timestep 61 / 64
Timestep 62 / 64
Timestep 63 / 64
Timestep 64 / 64
Time stepping progress: 100.00%
 Done.
Get the solution...Elapsed time is 186.005594 seconds.
 Done.

t =

  6x3 table

    refinements     times       l2error  
    ___________    ________    __________

         1           2.1327       0.17428
         2         0.070582        0.0127
         3         0.025624     0.0035272
         4          0.37673     0.0015135
         5           3.7615    0.00070011
         6           76.694    0.00030652

