Submit Directory:                     
Working Directory:                    /home/ul/ul_student/ul_ovt77/masterarbeit/benchmarks/source
Running on host                       uc2n531
Job id:                               
Job name:                             
Number of nodes allocated to job:     
Number of cores allocated to job:     
slurmstepd: error: *** JOB 19516937 ON uc2n531 CANCELLED AT 2021-05-05T03:20:05 DUE TO TIME LIMIT ***

============================= JOB FEEDBACK =============================

NodeName=uc2n531
Job ID: 19516937
Cluster: uc2
User/Group: ul_ovt77/ul_student
State: TIMEOUT (exit code 0)
Nodes: 1
Cores per node: 2
CPU Utilized: 13:25:55
CPU Efficiency: 67.11% of 20:00:52 core-walltime
Job Wall-clock time: 10:00:26
Memory Utilized: 7.74 GB
Memory Efficiency: 12.39% of 62.50 GB
