Submit Directory:                     
Working Directory:                    /home/ul/ul_student/ul_ovt77/masterarbeit/benchmarks/source
Running on host                       uc2n462
Job id:                               
Job name:                             
Number of nodes allocated to job:     
Number of cores allocated to job:     
/var/spool/slurmd/job19516935/slurm_script: line 36: 1396988 Killed                  matlab -nodisplay -r "test3D(1,2,6,1e-10,1e-2,1000,0)" > 3D-Lyap-inexact-example1.out 2>&1
slurmstepd: error: Detected 1 oom-kill event(s) in step 19516935.batch cgroup. Some of your processes may have been killed by the cgroup out-of-memory handler.

============================= JOB FEEDBACK =============================

NodeName=uc2n462
Job ID: 19516935
Cluster: uc2
User/Group: ul_ovt77/ul_student
State: OUT_OF_MEMORY (exit code 0)
Nodes: 1
Cores per node: 2
CPU Utilized: 01:08:47
CPU Efficiency: 80.86% of 01:25:04 core-walltime
Job Wall-clock time: 00:42:32
Memory Utilized: 61.85 GB
Memory Efficiency: 98.97% of 62.50 GB
