Submit Directory:                     
Working Directory:                    /home/ul/ul_student/ul_ovt77/masterarbeit/benchmarks/source
Running on host                       uc2n475
Job id:                               
Job name:                             
Number of nodes allocated to job:     
Number of cores allocated to job:     

============================= JOB FEEDBACK =============================

NodeName=uc2n475
Job ID: 19516911
Cluster: uc2
User/Group: ul_ovt77/ul_student
State: COMPLETED (exit code 0)
Nodes: 1
Cores per node: 2
CPU Utilized: 00:13:05
CPU Efficiency: 55.67% of 00:23:30 core-walltime
Job Wall-clock time: 00:11:45
Memory Utilized: 5.68 GB
Memory Efficiency: 9.09% of 62.50 GB
