Submit Directory:                     
Working Directory:                    /home/ul/ul_student/ul_ovt77/masterarbeit/benchmarks/source
Running on host                       uc2n464
Job id:                               
Job name:                             
Number of nodes allocated to job:     
Number of cores allocated to job:     

============================= JOB FEEDBACK =============================

NodeName=uc2n464
Job ID: 19516929
Cluster: uc2
User/Group: ul_ovt77/ul_student
State: COMPLETED (exit code 0)
Nodes: 1
Cores per node: 2
CPU Utilized: 02:21:00
CPU Efficiency: 88.22% of 02:39:50 core-walltime
Job Wall-clock time: 01:19:55
Memory Utilized: 18.13 GB
Memory Efficiency: 29.00% of 62.50 GB
