Submit Directory:                     
Working Directory:                    /home/ul/ul_student/ul_ovt77/masterarbeit/benchmarks/source
Running on host                       uc2n462
Job id:                               
Job name:                             
Number of nodes allocated to job:     
Number of cores allocated to job:     
/var/spool/slurmd/job19516932/slurm_script: line 36: 1387606 Killed                  matlab -nodisplay -r "test3D(1,2,6,1e-10,1e-2,1000,1)" > 3D-Lyap-exact-example1.out 2>&1
slurmstepd: error: Detected 1 oom-kill event(s) in step 19516932.batch cgroup. Some of your processes may have been killed by the cgroup out-of-memory handler.

============================= JOB FEEDBACK =============================

NodeName=uc2n462
Job ID: 19516932
Cluster: uc2
User/Group: ul_ovt77/ul_student
State: OUT_OF_MEMORY (exit code 0)
Nodes: 1
Cores per node: 2
CPU Utilized: 04:55:10
CPU Efficiency: 65.67% of 07:29:28 core-walltime
Job Wall-clock time: 03:44:44
Memory Utilized: 61.99 GB
Memory Efficiency: 99.19% of 62.50 GB
