Submit Directory:                     
Working Directory:                    /home/ul/ul_student/ul_ovt77/masterarbeit/benchmarks/source
Running on host                       uc2n526
Job id:                               
Job name:                             
Number of nodes allocated to job:     
Number of cores allocated to job:     
/var/spool/slurmd/job19516934/slurm_script: line 36: 3082228 Killed                  matlab -nodisplay -r "test3D(3,2,6,1e-10,1e-2,1000,1)" > 3D-Lyap-exact-example3.out 2>&1
slurmstepd: error: Detected 1 oom-kill event(s) in step 19516934.batch cgroup. Some of your processes may have been killed by the cgroup out-of-memory handler.

============================= JOB FEEDBACK =============================

NodeName=uc2n526
Job ID: 19516934
Cluster: uc2
User/Group: ul_ovt77/ul_student
State: OUT_OF_MEMORY (exit code 0)
Nodes: 1
Cores per node: 2
CPU Utilized: 06:15:57
CPU Efficiency: 66.48% of 09:25:30 core-walltime
Job Wall-clock time: 04:42:45
Memory Utilized: 62.21 GB
Memory Efficiency: 99.54% of 62.50 GB
