Submit Directory:                     
Working Directory:                    /home/ul/ul_student/ul_ovt77/masterarbeit/benchmarks/source
Running on host                       uc2n475
Job id:                               
Job name:                             
Number of nodes allocated to job:     
Number of cores allocated to job:     
slurmstepd: error: *** JOB 19516913 ON uc2n475 CANCELLED AT 2021-05-04T14:52:22 DUE TO TIME LIMIT ***

============================= JOB FEEDBACK =============================

NodeName=uc2n475
Job ID: 19516913
Cluster: uc2
User/Group: ul_ovt77/ul_student
State: TIMEOUT (exit code 0)
Nodes: 1
Cores per node: 2
CPU Utilized: 19:27:07
CPU Efficiency: 97.23% of 20:00:20 core-walltime
Job Wall-clock time: 10:00:10
Memory Utilized: 60.63 GB
Memory Efficiency: 97.01% of 62.50 GB
