Submit Directory:                     
Working Directory:                    /home/ul/ul_student/ul_ovt77/masterarbeit/benchmarks/source
Running on host                       uc2n475
Job id:                               
Job name:                             
Number of nodes allocated to job:     
Number of cores allocated to job:     
slurmstepd: error: *** JOB 19516931 ON uc2n475 CANCELLED AT 2021-05-05T01:04:50 DUE TO TIME LIMIT ***

============================= JOB FEEDBACK =============================

NodeName=uc2n475
Job ID: 19516931
Cluster: uc2
User/Group: ul_ovt77/ul_student
State: TIMEOUT (exit code 0)
Nodes: 1
Cores per node: 2
CPU Utilized: 19:01:43
CPU Efficiency: 95.07% of 20:00:54 core-walltime
Job Wall-clock time: 10:00:27
Memory Utilized: 19.59 GB
Memory Efficiency: 31.34% of 62.50 GB
