Submit Directory:                     
Working Directory:                    /home/ul/ul_student/ul_ovt77/masterarbeit/benchmarks/source
Running on host                       uc2n558
Job id:                               
Job name:                             
Number of nodes allocated to job:     
Number of cores allocated to job:     

============================= JOB FEEDBACK =============================

NodeName=uc2n558
Job ID: 19516927
Cluster: uc2
User/Group: ul_ovt77/ul_student
State: COMPLETED (exit code 0)
Nodes: 1
Cores per node: 2
CPU Utilized: 00:05:21
CPU Efficiency: 38.86% of 00:13:46 core-walltime
Job Wall-clock time: 00:06:53
Memory Utilized: 8.77 GB
Memory Efficiency: 14.04% of 62.50 GB
