Submit Directory:                     
Working Directory:                    /home/ul/ul_student/ul_ovt77/masterarbeit/benchmarks/source
Running on host                       uc2n528
Job id:                               
Job name:                             
Number of nodes allocated to job:     
Number of cores allocated to job:     
slurmstepd: error: *** JOB 19516918 ON uc2n528 CANCELLED AT 2021-05-04T17:31:13 DUE TO TIME LIMIT ***

============================= JOB FEEDBACK =============================

NodeName=uc2n528
Job ID: 19516918
Cluster: uc2
User/Group: ul_ovt77/ul_student
State: TIMEOUT (exit code 0)
Nodes: 1
Cores per node: 2
CPU Utilized: 11:53:39
CPU Efficiency: 59.47% of 20:00:04 core-walltime
Job Wall-clock time: 10:00:02
Memory Utilized: 4.05 GB
Memory Efficiency: 6.48% of 62.50 GB
