Submit Directory:                     
Working Directory:                    /home/ul/ul_student/ul_ovt77/masterarbeit/benchmarks/source
Running on host                       uc2n536
Job id:                               
Job name:                             
Number of nodes allocated to job:     
Number of cores allocated to job:     
/var/spool/slurmd/job19516914/slurm_script: line 36: 1607451 Killed                  matlab -nodisplay -r "test2D(1,2,8,1e-10,1e-2,1000,1)" > 2D-Lyap-exact-example1.out 2>&1
slurmstepd: error: Detected 1 oom-kill event(s) in step 19516914.batch cgroup. Some of your processes may have been killed by the cgroup out-of-memory handler.

============================= JOB FEEDBACK =============================

NodeName=uc2n536
Job ID: 19516914
Cluster: uc2
User/Group: ul_ovt77/ul_student
State: OUT_OF_MEMORY (exit code 0)
Nodes: 1
Cores per node: 2
CPU Utilized: 02:05:26
CPU Efficiency: 58.42% of 03:34:42 core-walltime
Job Wall-clock time: 01:47:21
Memory Utilized: 62.36 GB
Memory Efficiency: 99.77% of 62.50 GB
