Submit Directory:                     
Working Directory:                    /home/ul/ul_student/ul_ovt77/masterarbeit/benchmarks/source
Running on host                       uc2n548
Job id:                               
Job name:                             
Number of nodes allocated to job:     
Number of cores allocated to job:     
slurmstepd: error: *** JOB 19516942 ON uc2n548 CANCELLED AT 2021-05-05T09:53:43 DUE TO TIME LIMIT ***

============================= JOB FEEDBACK =============================

NodeName=uc2n548
Job ID: 19516942
Cluster: uc2
User/Group: ul_ovt77/ul_student
State: TIMEOUT (exit code 0)
Nodes: 1
Cores per node: 2
CPU Utilized: 15:08:56
CPU Efficiency: 75.69% of 20:00:48 core-walltime
Job Wall-clock time: 10:00:24
Memory Utilized: 7.46 GB
Memory Efficiency: 11.94% of 62.50 GB
