Submit Directory:                     
Working Directory:                    /home/ul/ul_student/ul_ovt77/masterarbeit/benchmarks/source
Running on host                       uc2n473
Job id:                               
Job name:                             
Number of nodes allocated to job:     
Number of cores allocated to job:     

============================= JOB FEEDBACK =============================

NodeName=uc2n473
Job ID: 19516945
Cluster: uc2
User/Group: ul_ovt77/ul_student
State: COMPLETED (exit code 0)
Nodes: 1
Cores per node: 2
CPU Utilized: 00:08:55
CPU Efficiency: 48.20% of 00:18:30 core-walltime
Job Wall-clock time: 00:09:15
Memory Utilized: 23.12 GB
Memory Efficiency: 36.99% of 62.50 GB
