Submit Directory:                     
Working Directory:                    /home/ul/ul_student/ul_ovt77/masterarbeit/benchmarks/source
Running on host                       uc2n532
Job id:                               
Job name:                             
Number of nodes allocated to job:     
Number of cores allocated to job:     
/var/spool/slurmd/job19516915/slurm_script: line 36: 2929430 Killed                  matlab -nodisplay -r "test2D(2,2,8,1e-10,1e-2,1000,1)" > 2D-Lyap-exact-example2.out 2>&1
slurmstepd: error: Detected 1 oom-kill event(s) in step 19516915.batch cgroup. Some of your processes may have been killed by the cgroup out-of-memory handler.

============================= JOB FEEDBACK =============================

NodeName=uc2n532
Job ID: 19516915
Cluster: uc2
User/Group: ul_ovt77/ul_student
State: OUT_OF_MEMORY (exit code 0)
Nodes: 1
Cores per node: 2
CPU Utilized: 01:58:19
CPU Efficiency: 57.51% of 03:25:44 core-walltime
Job Wall-clock time: 01:42:52
Memory Utilized: 62.04 GB
Memory Efficiency: 99.27% of 62.50 GB
