Submit Directory:                     
Working Directory:                    /home/ul/ul_student/ul_ovt77/masterarbeit/benchmarks/source
Running on host                       uc2n536
Job id:                               
Job name:                             
Number of nodes allocated to job:     
Number of cores allocated to job:     

============================= JOB FEEDBACK =============================

NodeName=uc2n536
Job ID: 19516912
Cluster: uc2
User/Group: ul_ovt77/ul_student
State: COMPLETED (exit code 0)
Nodes: 1
Cores per node: 2
CPU Utilized: 00:12:51
CPU Efficiency: 52.59% of 00:24:26 core-walltime
Job Wall-clock time: 00:12:13
Memory Utilized: 3.67 GB
Memory Efficiency: 5.87% of 62.50 GB
