Submit Directory:                     
Working Directory:                    /home/ul/ul_student/ul_ovt77/masterarbeit/benchmarks/source
Running on host                       uc2n464
Job id:                               
Job name:                             
Number of nodes allocated to job:     
Number of cores allocated to job:     

============================= JOB FEEDBACK =============================

NodeName=uc2n464
Job ID: 19516928
Cluster: uc2
User/Group: ul_ovt77/ul_student
State: COMPLETED (exit code 0)
Nodes: 1
Cores per node: 2
CPU Utilized: 00:05:22
CPU Efficiency: 56.49% of 00:09:30 core-walltime
Job Wall-clock time: 00:04:45
Memory Utilized: 8.33 GB
Memory Efficiency: 13.33% of 62.50 GB
