Submit Directory:                     
Working Directory:                    /home/ul/ul_student/ul_ovt77/masterarbeit/benchmarks/source
Running on host                       uc2n464
Job id:                               
Job name:                             
Number of nodes allocated to job:     
Number of cores allocated to job:     
slurmstepd: error: *** JOB 19516939 ON uc2n464 CANCELLED AT 2021-05-05T05:45:27 DUE TO TIME LIMIT ***

============================= JOB FEEDBACK =============================

NodeName=uc2n464
Job ID: 19516939
Cluster: uc2
User/Group: ul_ovt77/ul_student
State: TIMEOUT (exit code 0)
Nodes: 1
Cores per node: 2
CPU Utilized: 19:11:24
CPU Efficiency: 95.88% of 20:00:56 core-walltime
Job Wall-clock time: 10:00:28
Memory Utilized: 43.40 GB
Memory Efficiency: 69.44% of 62.50 GB
