Submit Directory:                     
Working Directory:                    /home/ul/ul_student/ul_ovt77/masterarbeit/benchmarks/source
Running on host                       uc2n545
Job id:                               
Job name:                             
Number of nodes allocated to job:     
Number of cores allocated to job:     

============================= JOB FEEDBACK =============================

NodeName=uc2n545
Job ID: 19516946
Cluster: uc2
User/Group: ul_ovt77/ul_student
State: COMPLETED (exit code 0)
Nodes: 1
Cores per node: 2
CPU Utilized: 00:13:52
CPU Efficiency: 58.02% of 00:23:54 core-walltime
Job Wall-clock time: 00:11:57
Memory Utilized: 21.12 GB
Memory Efficiency: 33.80% of 62.50 GB
