Submit Directory:                     
Working Directory:                    /home/ul/ul_student/ul_ovt77/masterarbeit/benchmarks/source
Running on host                       uc2n542
Job id:                               
Job name:                             
Number of nodes allocated to job:     
Number of cores allocated to job:     
slurmstepd: error: *** JOB 19516924 ON uc2n542 CANCELLED AT 2021-05-04T23:18:12 DUE TO TIME LIMIT ***

============================= JOB FEEDBACK =============================

NodeName=uc2n542
Job ID: 19516924
Cluster: uc2
User/Group: ul_ovt77/ul_student
State: TIMEOUT (exit code 0)
Nodes: 1
Cores per node: 2
CPU Utilized: 13:42:35
CPU Efficiency: 68.50% of 20:00:50 core-walltime
Job Wall-clock time: 10:00:25
Memory Utilized: 3.99 GB
Memory Efficiency: 6.38% of 62.50 GB
