Submit Directory:                     
Working Directory:                    /home/ul/ul_student/ul_ovt77/masterarbeit/benchmarks/source
Running on host                       uc2n462
Job id:                               
Job name:                             
Number of nodes allocated to job:     
Number of cores allocated to job:     

============================= JOB FEEDBACK =============================

NodeName=uc2n462
Job ID: 19516923
Cluster: uc2
User/Group: ul_ovt77/ul_student
State: COMPLETED (exit code 0)
Nodes: 1
Cores per node: 2
CPU Utilized: 00:21:23
CPU Efficiency: 57.17% of 00:37:24 core-walltime
Job Wall-clock time: 00:18:42
Memory Utilized: 6.31 GB
Memory Efficiency: 10.10% of 62.50 GB
