Submit Directory:                     
Working Directory:                    /home/ul/ul_student/ul_ovt77/masterarbeit/benchmarks/source
Running on host                       uc2n462
Job id:                               
Job name:                             
Number of nodes allocated to job:     
Number of cores allocated to job:     

============================= JOB FEEDBACK =============================

NodeName=uc2n462
Job ID: 19516930
Cluster: uc2
User/Group: ul_ovt77/ul_student
State: COMPLETED (exit code 0)
Nodes: 1
Cores per node: 2
CPU Utilized: 02:32:44
CPU Efficiency: 88.39% of 02:52:48 core-walltime
Job Wall-clock time: 01:26:24
Memory Utilized: 18.36 GB
Memory Efficiency: 29.37% of 62.50 GB
