Submit Directory:                     
Working Directory:                    /home/ul/ul_student/ul_ovt77/masterarbeit/benchmarks/source
Running on host                       uc2n545
Job id:                               
Job name:                             
Number of nodes allocated to job:     
Number of cores allocated to job:     
/var/spool/slurmd/job19516920/slurm_script: line 36: 1531505 Killed                  matlab -nodisplay -r "test2D(1,1,8,1e-10,1e-2,1000,1)" > 2D-Opt-exact-example1.out 2>&1
slurmstepd: error: Detected 1 oom-kill event(s) in step 19516920.batch cgroup. Some of your processes may have been killed by the cgroup out-of-memory handler.

============================= JOB FEEDBACK =============================

NodeName=uc2n545
Job ID: 19516920
Cluster: uc2
User/Group: ul_ovt77/ul_student
State: OUT_OF_MEMORY (exit code 0)
Nodes: 1
Cores per node: 2
CPU Utilized: 06:44:05
CPU Efficiency: 93.69% of 07:11:18 core-walltime
Job Wall-clock time: 03:35:39
Memory Utilized: 62.23 GB
Memory Efficiency: 99.57% of 62.50 GB
