Submit Directory:                     
Working Directory:                    /home/ul/ul_student/ul_ovt77/masterarbeit/benchmarks/source
Running on host                       uc2n548
Job id:                               
Job name:                             
Number of nodes allocated to job:     
Number of cores allocated to job:     
slurmstepd: error: *** JOB 19516940 ON uc2n548 CANCELLED AT 2021-05-05T09:30:57 DUE TO TIME LIMIT ***

============================= JOB FEEDBACK =============================

NodeName=uc2n548
Job ID: 19516940
Cluster: uc2
User/Group: ul_ovt77/ul_student
State: TIMEOUT (exit code 0)
Nodes: 1
Cores per node: 2
CPU Utilized: 18:51:08
CPU Efficiency: 94.20% of 20:00:44 core-walltime
Job Wall-clock time: 10:00:22
Memory Utilized: 43.40 GB
Memory Efficiency: 69.43% of 62.50 GB
